{"/Users/benjaminhaddon/Github Repos/Narrative/src/frontend/OnboardingModal.tsx": {"path":"/Users/benjaminhaddon/Github Repos/Narrative/src/frontend/OnboardingModal.tsx","statementMap":{"0":{"start":{"line":36,"column":22},"end":{"line":36,"column":null}},"1":{"start":{"line":37,"column":36},"end":{"line":37,"column":null}},"2":{"start":{"line":38,"column":30},"end":{"line":38,"column":null}},"3":{"start":{"line":39,"column":24},"end":{"line":39,"column":null}},"4":{"start":{"line":40,"column":32},"end":{"line":40,"column":null}},"5":{"start":{"line":41,"column":30},"end":{"line":41,"column":null}},"6":{"start":{"line":42,"column":28},"end":{"line":42,"column":null}},"7":{"start":{"line":43,"column":23},"end":{"line":43,"column":null}},"8":{"start":{"line":45,"column":8},"end":{"line":87,"column":null}},"9":{"start":{"line":46,"column":4},"end":{"line":49,"column":null}},"10":{"start":{"line":47,"column":6},"end":{"line":47,"column":null}},"11":{"start":{"line":48,"column":6},"end":{"line":48,"column":null}},"12":{"start":{"line":50,"column":4},"end":{"line":53,"column":null}},"13":{"start":{"line":51,"column":6},"end":{"line":51,"column":null}},"14":{"start":{"line":52,"column":6},"end":{"line":52,"column":null}},"15":{"start":{"line":54,"column":4},"end":{"line":54,"column":null}},"16":{"start":{"line":55,"column":4},"end":{"line":55,"column":null}},"17":{"start":{"line":57,"column":4},"end":{"line":86,"column":null}},"18":{"start":{"line":58,"column":28},"end":{"line":58,"column":null}},"19":{"start":{"line":59,"column":32},"end":{"line":59,"column":null}},"20":{"start":{"line":61,"column":6},"end":{"line":74,"column":null}},"21":{"start":{"line":62,"column":8},"end":{"line":62,"column":null}},"22":{"start":{"line":62,"column":41},"end":{"line":62,"column":null}},"23":{"start":{"line":63,"column":8},"end":{"line":63,"column":null}},"24":{"start":{"line":64,"column":20},"end":{"line":64,"column":null}},"25":{"start":{"line":66,"column":8},"end":{"line":72,"column":null}},"26":{"start":{"line":67,"column":10},"end":{"line":67,"column":null}},"27":{"start":{"line":67,"column":38},"end":{"line":67,"column":null}},"28":{"start":{"line":68,"column":22},"end":{"line":68,"column":null}},"29":{"start":{"line":69,"column":10},"end":{"line":71,"column":null}},"30":{"start":{"line":70,"column":12},"end":{"line":70,"column":null}},"31":{"start":{"line":73,"column":8},"end":{"line":73,"column":null}},"32":{"start":{"line":75,"column":12},"end":{"line":75,"column":null}},"33":{"start":{"line":76,"column":24},"end":{"line":79,"column":null}},"34":{"start":{"line":76,"column":43},"end":{"line":79,"column":8}},"35":{"start":{"line":80,"column":6},"end":{"line":80,"column":null}},"36":{"start":{"line":81,"column":6},"end":{"line":81,"column":null}},"37":{"start":{"line":83,"column":6},"end":{"line":83,"column":null}},"38":{"start":{"line":85,"column":6},"end":{"line":85,"column":null}},"39":{"start":{"line":89,"column":8},"end":{"line":105,"column":null}},"40":{"start":{"line":91,"column":6},"end":{"line":102,"column":null}},"41":{"start":{"line":92,"column":24},"end":{"line":92,"column":null}},"42":{"start":{"line":93,"column":8},"end":{"line":100,"column":null}},"43":{"start":{"line":94,"column":10},"end":{"line":94,"column":null}},"44":{"start":{"line":95,"column":10},"end":{"line":95,"column":null}},"45":{"start":{"line":96,"column":8},"end":{"line":100,"column":null}},"46":{"start":{"line":97,"column":10},"end":{"line":97,"column":null}},"47":{"start":{"line":99,"column":11},"end":{"line":99,"column":null}},"48":{"start":{"line":101,"column":8},"end":{"line":101,"column":null}},"49":{"start":{"line":107,"column":8},"end":{"line":124,"column":null}},"50":{"start":{"line":108,"column":4},"end":{"line":111,"column":null}},"51":{"start":{"line":109,"column":6},"end":{"line":109,"column":null}},"52":{"start":{"line":110,"column":6},"end":{"line":110,"column":null}},"53":{"start":{"line":112,"column":4},"end":{"line":115,"column":null}},"54":{"start":{"line":113,"column":6},"end":{"line":113,"column":null}},"55":{"start":{"line":114,"column":6},"end":{"line":114,"column":null}},"56":{"start":{"line":116,"column":4},"end":{"line":116,"column":null}},"57":{"start":{"line":117,"column":4},"end":{"line":122,"column":null}},"58":{"start":{"line":123,"column":4},"end":{"line":123,"column":null}},"59":{"start":{"line":126,"column":2},"end":{"line":126,"column":null}},"60":{"start":{"line":126,"column":15},"end":{"line":126,"column":null}},"61":{"start":{"line":128,"column":2},"end":{"line":354,"column":null}},"62":{"start":{"line":168,"column":18},"end":{"line":178,"column":null}},"63":{"start":{"line":171,"column":22},"end":{"line":171,"column":null}},"64":{"start":{"line":172,"column":22},"end":{"line":172,"column":null}},"65":{"start":{"line":191,"column":33},"end":{"line":191,"column":null}},"66":{"start":{"line":203,"column":35},"end":{"line":203,"column":null}},"67":{"start":{"line":215,"column":36},"end":{"line":215,"column":null}},"68":{"start":{"line":216,"column":22},"end":{"line":216,"column":null}},"69":{"start":{"line":216,"column":56},"end":{"line":216,"column":null}},"70":{"start":{"line":217,"column":36},"end":{"line":217,"column":null}},"71":{"start":{"line":218,"column":34},"end":{"line":218,"column":null}},"72":{"start":{"line":219,"column":37},"end":{"line":219,"column":null}},"73":{"start":{"line":220,"column":22},"end":{"line":220,"column":null}},"74":{"start":{"line":221,"column":22},"end":{"line":221,"column":null}},"75":{"start":{"line":222,"column":22},"end":{"line":222,"column":null}},"76":{"start":{"line":227,"column":22},"end":{"line":233,"column":null}},"77":{"start":{"line":229,"column":39},"end":{"line":229,"column":null}},"78":{"start":{"line":230,"column":24},"end":{"line":230,"column":null}},"79":{"start":{"line":231,"column":24},"end":{"line":231,"column":null}},"80":{"start":{"line":232,"column":24},"end":{"line":232,"column":null}},"81":{"start":{"line":234,"column":22},"end":{"line":234,"column":null}},"82":{"start":{"line":268,"column":22},"end":{"line":302,"column":null}},"83":{"start":{"line":281,"column":43},"end":{"line":281,"column":null}},"84":{"start":{"line":292,"column":43},"end":{"line":292,"column":null}},"85":{"start":{"line":339,"column":31},"end":{"line":339,"column":null}}},"fnMap":{"0":{"name":"OnboardingModal","decl":{"start":{"line":29,"column":24},"end":{"line":29,"column":40}},"loc":{"start":{"line":35,"column":25},"end":{"line":356,"column":null}},"line":35},"1":{"name":"(anonymous_1)","decl":{"start":{"line":45,"column":35},"end":{"line":45,"column":47}},"loc":{"start":{"line":45,"column":47},"end":{"line":87,"column":5}},"line":45},"2":{"name":"(anonymous_2)","decl":{"start":{"line":76,"column":37},"end":{"line":76,"column":43}},"loc":{"start":{"line":76,"column":43},"end":{"line":79,"column":8}},"line":76},"3":{"name":"(anonymous_3)","decl":{"start":{"line":90,"column":4},"end":{"line":90,"column":5}},"loc":{"start":{"line":90,"column":72},"end":{"line":103,"column":null}},"line":90},"4":{"name":"(anonymous_4)","decl":{"start":{"line":91,"column":18},"end":{"line":91,"column":26}},"loc":{"start":{"line":91,"column":26},"end":{"line":102,"column":7}},"line":91},"5":{"name":"(anonymous_5)","decl":{"start":{"line":107,"column":35},"end":{"line":107,"column":41}},"loc":{"start":{"line":107,"column":41},"end":{"line":124,"column":5}},"line":107},"6":{"name":"(anonymous_6)","decl":{"start":{"line":167,"column":36},"end":{"line":167,"column":null}},"loc":{"start":{"line":168,"column":18},"end":{"line":178,"column":null}},"line":168},"7":{"name":"(anonymous_7)","decl":{"start":{"line":170,"column":29},"end":{"line":170,"column":35}},"loc":{"start":{"line":170,"column":35},"end":{"line":173,"column":null}},"line":170},"8":{"name":"(anonymous_8)","decl":{"start":{"line":191,"column":28},"end":{"line":191,"column":33}},"loc":{"start":{"line":191,"column":33},"end":{"line":191,"column":null}},"line":191},"9":{"name":"(anonymous_9)","decl":{"start":{"line":203,"column":30},"end":{"line":203,"column":35}},"loc":{"start":{"line":203,"column":35},"end":{"line":203,"column":null}},"line":203},"10":{"name":"(anonymous_10)","decl":{"start":{"line":214,"column":30},"end":{"line":214,"column":35}},"loc":{"start":{"line":214,"column":35},"end":{"line":223,"column":null}},"line":214},"11":{"name":"(anonymous_11)","decl":{"start":{"line":226,"column":29},"end":{"line":226,"column":41}},"loc":{"start":{"line":226,"column":41},"end":{"line":235,"column":null}},"line":226},"12":{"name":"(anonymous_12)","decl":{"start":{"line":267,"column":34},"end":{"line":267,"column":35}},"loc":{"start":{"line":268,"column":22},"end":{"line":302,"column":null}},"line":268},"13":{"name":"(anonymous_13)","decl":{"start":{"line":281,"column":38},"end":{"line":281,"column":43}},"loc":{"start":{"line":281,"column":43},"end":{"line":281,"column":null}},"line":281},"14":{"name":"(anonymous_14)","decl":{"start":{"line":292,"column":37},"end":{"line":292,"column":43}},"loc":{"start":{"line":292,"column":43},"end":{"line":292,"column":null}},"line":292},"15":{"name":"(anonymous_15)","decl":{"start":{"line":339,"column":25},"end":{"line":339,"column":31}},"loc":{"start":{"line":339,"column":31},"end":{"line":339,"column":null}},"line":339}},"branchMap":{"0":{"loc":{"start":{"line":33,"column":2},"end":{"line":33,"column":null}},"type":"default-arg","locations":[{"start":{"line":33,"column":19},"end":{"line":33,"column":null}}],"line":33},"1":{"loc":{"start":{"line":46,"column":4},"end":{"line":49,"column":null}},"type":"if","locations":[{"start":{"line":46,"column":4},"end":{"line":49,"column":null}},{"start":{},"end":{}}],"line":46},"2":{"loc":{"start":{"line":50,"column":4},"end":{"line":53,"column":null}},"type":"if","locations":[{"start":{"line":50,"column":4},"end":{"line":53,"column":null}},{"start":{},"end":{}}],"line":50},"3":{"loc":{"start":{"line":62,"column":8},"end":{"line":62,"column":null}},"type":"if","locations":[{"start":{"line":62,"column":8},"end":{"line":62,"column":null}},{"start":{},"end":{}}],"line":62},"4":{"loc":{"start":{"line":67,"column":10},"end":{"line":67,"column":null}},"type":"if","locations":[{"start":{"line":67,"column":10},"end":{"line":67,"column":null}},{"start":{},"end":{}}],"line":67},"5":{"loc":{"start":{"line":68,"column":22},"end":{"line":68,"column":null}},"type":"binary-expr","locations":[{"start":{"line":68,"column":22},"end":{"line":68,"column":69}},{"start":{"line":68,"column":69},"end":{"line":68,"column":null}}],"line":68},"6":{"loc":{"start":{"line":69,"column":10},"end":{"line":71,"column":null}},"type":"if","locations":[{"start":{"line":69,"column":10},"end":{"line":71,"column":null}},{"start":{},"end":{}}],"line":69},"7":{"loc":{"start":{"line":78,"column":14},"end":{"line":78,"column":null}},"type":"cond-expr","locations":[{"start":{"line":78,"column":46},"end":{"line":78,"column":53}},{"start":{"line":78,"column":53},"end":{"line":78,"column":null}}],"line":78},"8":{"loc":{"start":{"line":78,"column":53},"end":{"line":78,"column":null}},"type":"binary-expr","locations":[{"start":{"line":78,"column":53},"end":{"line":78,"column":63}},{"start":{"line":78,"column":63},"end":{"line":78,"column":null}}],"line":78},"9":{"loc":{"start":{"line":83,"column":15},"end":{"line":83,"column":87}},"type":"cond-expr","locations":[{"start":{"line":83,"column":38},"end":{"line":83,"column":52}},{"start":{"line":83,"column":52},"end":{"line":83,"column":87}}],"line":83},"10":{"loc":{"start":{"line":93,"column":8},"end":{"line":100,"column":null}},"type":"if","locations":[{"start":{"line":93,"column":8},"end":{"line":100,"column":null}},{"start":{"line":96,"column":8},"end":{"line":100,"column":null}}],"line":93},"11":{"loc":{"start":{"line":94,"column":39},"end":{"line":94,"column":null}},"type":"cond-expr","locations":[{"start":{"line":94,"column":54},"end":{"line":94,"column":61}},{"start":{"line":94,"column":61},"end":{"line":94,"column":null}}],"line":94},"12":{"loc":{"start":{"line":96,"column":8},"end":{"line":100,"column":null}},"type":"if","locations":[{"start":{"line":96,"column":8},"end":{"line":100,"column":null}},{"start":{"line":98,"column":15},"end":{"line":100,"column":null}}],"line":96},"13":{"loc":{"start":{"line":108,"column":4},"end":{"line":111,"column":null}},"type":"if","locations":[{"start":{"line":108,"column":4},"end":{"line":111,"column":null}},{"start":{},"end":{}}],"line":108},"14":{"loc":{"start":{"line":112,"column":4},"end":{"line":115,"column":null}},"type":"if","locations":[{"start":{"line":112,"column":4},"end":{"line":115,"column":null}},{"start":{},"end":{}}],"line":112},"15":{"loc":{"start":{"line":119,"column":16},"end":{"line":119,"column":null}},"type":"binary-expr","locations":[{"start":{"line":119,"column":16},"end":{"line":119,"column":35}},{"start":{"line":119,"column":35},"end":{"line":119,"column":null}}],"line":119},"16":{"loc":{"start":{"line":126,"column":2},"end":{"line":126,"column":null}},"type":"if","locations":[{"start":{"line":126,"column":2},"end":{"line":126,"column":null}},{"start":{},"end":{}}],"line":126},"17":{"loc":{"start":{"line":134,"column":15},"end":{"line":134,"column":null}},"type":"cond-expr","locations":[{"start":{"line":134,"column":35},"end":{"line":134,"column":54}},{"start":{"line":134,"column":54},"end":{"line":134,"column":null}}],"line":134},"18":{"loc":{"start":{"line":137,"column":15},"end":{"line":139,"column":null}},"type":"cond-expr","locations":[{"start":{"line":138,"column":18},"end":{"line":138,"column":null}},{"start":{"line":139,"column":18},"end":{"line":139,"column":null}}],"line":137},"19":{"loc":{"start":{"line":152,"column":11},"end":{"line":155,"column":null}},"type":"binary-expr","locations":[{"start":{"line":152,"column":11},"end":{"line":152,"column":null}},{"start":{"line":153,"column":12},"end":{"line":155,"column":null}}],"line":152},"20":{"loc":{"start":{"line":158,"column":11},"end":{"line":181,"column":null}},"type":"binary-expr","locations":[{"start":{"line":158,"column":11},"end":{"line":158,"column":32}},{"start":{"line":158,"column":32},"end":{"line":158,"column":null}},{"start":{"line":159,"column":12},"end":{"line":181,"column":null}}],"line":158},"21":{"loc":{"start":{"line":184,"column":11},"end":{"line":247,"column":null}},"type":"binary-expr","locations":[{"start":{"line":184,"column":11},"end":{"line":184,"column":null}},{"start":{"line":185,"column":12},"end":{"line":247,"column":null}}],"line":184},"22":{"loc":{"start":{"line":216,"column":22},"end":{"line":216,"column":null}},"type":"if","locations":[{"start":{"line":216,"column":22},"end":{"line":216,"column":null}},{"start":{},"end":{}}],"line":216},"23":{"loc":{"start":{"line":216,"column":26},"end":{"line":216,"column":56}},"type":"binary-expr","locations":[{"start":{"line":216,"column":26},"end":{"line":216,"column":36}},{"start":{"line":216,"column":36},"end":{"line":216,"column":56}}],"line":216},"24":{"loc":{"start":{"line":218,"column":34},"end":{"line":218,"column":null}},"type":"binary-expr","locations":[{"start":{"line":218,"column":34},"end":{"line":218,"column":62}},{"start":{"line":218,"column":62},"end":{"line":218,"column":null}}],"line":218},"25":{"loc":{"start":{"line":227,"column":22},"end":{"line":233,"column":null}},"type":"if","locations":[{"start":{"line":227,"column":22},"end":{"line":233,"column":null}},{"start":{},"end":{}}],"line":227},"26":{"loc":{"start":{"line":231,"column":36},"end":{"line":231,"column":54}},"type":"binary-expr","locations":[{"start":{"line":231,"column":36},"end":{"line":231,"column":52}},{"start":{"line":231,"column":52},"end":{"line":231,"column":54}}],"line":231},"27":{"loc":{"start":{"line":250,"column":11},"end":{"line":314,"column":null}},"type":"binary-expr","locations":[{"start":{"line":250,"column":11},"end":{"line":250,"column":null}},{"start":{"line":251,"column":12},"end":{"line":314,"column":null}}],"line":250},"28":{"loc":{"start":{"line":271,"column":26},"end":{"line":271,"column":null}},"type":"cond-expr","locations":[{"start":{"line":271,"column":41},"end":{"line":271,"column":68}},{"start":{"line":271,"column":68},"end":{"line":271,"column":null}}],"line":271},"29":{"loc":{"start":{"line":280,"column":35},"end":{"line":280,"column":null}},"type":"binary-expr","locations":[{"start":{"line":280,"column":35},"end":{"line":280,"column":58}},{"start":{"line":280,"column":58},"end":{"line":280,"column":null}}],"line":280},"30":{"loc":{"start":{"line":294,"column":30},"end":{"line":296,"column":null}},"type":"cond-expr","locations":[{"start":{"line":295,"column":34},"end":{"line":295,"column":null}},{"start":{"line":296,"column":34},"end":{"line":296,"column":null}}],"line":294},"31":{"loc":{"start":{"line":299,"column":29},"end":{"line":299,"column":null}},"type":"cond-expr","locations":[{"start":{"line":299,"column":44},"end":{"line":299,"column":53}},{"start":{"line":299,"column":53},"end":{"line":299,"column":null}}],"line":299},"32":{"loc":{"start":{"line":304,"column":21},"end":{"line":309,"column":null}},"type":"binary-expr","locations":[{"start":{"line":304,"column":21},"end":{"line":304,"column":null}},{"start":{"line":305,"column":22},"end":{"line":309,"column":null}}],"line":304},"33":{"loc":{"start":{"line":319,"column":11},"end":{"line":350,"column":null}},"type":"cond-expr","locations":[{"start":{"line":320,"column":12},"end":{"line":335,"column":null}},{"start":{"line":337,"column":12},"end":{"line":350,"column":null}}],"line":319},"34":{"loc":{"start":{"line":329,"column":26},"end":{"line":329,"column":null}},"type":"binary-expr","locations":[{"start":{"line":329,"column":26},"end":{"line":329,"column":49}},{"start":{"line":329,"column":49},"end":{"line":329,"column":63}},{"start":{"line":329,"column":63},"end":{"line":329,"column":null}}],"line":329},"35":{"loc":{"start":{"line":330,"column":31},"end":{"line":330,"column":null}},"type":"binary-expr","locations":[{"start":{"line":330,"column":31},"end":{"line":330,"column":54}},{"start":{"line":330,"column":54},"end":{"line":330,"column":68}},{"start":{"line":330,"column":68},"end":{"line":330,"column":null}}],"line":330},"36":{"loc":{"start":{"line":333,"column":17},"end":{"line":333,"column":null}},"type":"cond-expr","locations":[{"start":{"line":333,"column":27},"end":{"line":333,"column":42}},{"start":{"line":333,"column":42},"end":{"line":333,"column":null}}],"line":333}},"s":{"0":172,"1":172,"2":172,"3":172,"4":172,"5":172,"6":172,"7":172,"8":172,"9":0,"10":0,"11":0,"12":0,"13":0,"14":0,"15":0,"16":0,"17":0,"18":0,"19":0,"20":0,"21":0,"22":0,"23":0,"24":0,"25":0,"26":0,"27":0,"28":0,"29":0,"30":0,"31":0,"32":0,"33":0,"34":0,"35":0,"36":0,"37":0,"38":0,"39":172,"40":0,"41":0,"42":0,"43":0,"44":0,"45":0,"46":0,"47":0,"48":0,"49":172,"50":0,"51":0,"52":0,"53":0,"54":0,"55":0,"56":0,"57":0,"58":0,"59":172,"60":171,"61":1,"62":0,"63":0,"64":0,"65":0,"66":0,"67":0,"68":0,"69":0,"70":0,"71":0,"72":0,"73":0,"74":0,"75":0,"76":0,"77":0,"78":0,"79":0,"80":0,"81":0,"82":0,"83":0,"84":0,"85":0},"f":{"0":172,"1":0,"2":0,"3":0,"4":0,"5":0,"6":0,"7":0,"8":0,"9":0,"10":0,"11":0,"12":0,"13":0,"14":0,"15":0},"b":{"0":[172],"1":[0,0],"2":[0,0],"3":[0,0],"4":[0,0],"5":[0,0],"6":[0,0],"7":[0,0],"8":[0,0],"9":[0,0],"10":[0,0],"11":[0,0],"12":[0,0],"13":[0,0],"14":[0,0],"15":[0,0],"16":[171,1],"17":[1,0],"18":[1,0],"19":[172,0],"20":[172,1,0],"21":[172,1],"22":[0,0],"23":[0,0],"24":[0,0],"25":[0,0],"26":[0,0],"27":[172,0],"28":[0,0],"29":[0,0],"30":[0,0],"31":[0,0],"32":[0,0],"33":[1,0],"34":[1,0,0],"35":[1,0,0],"36":[0,1]},"meta":{"lastBranch":37,"lastFunction":16,"lastStatement":86,"seen":{"f:29:24:29:40":0,"b:33:19:33:Infinity":0,"s:36:22:36:Infinity":0,"s:37:36:37:Infinity":1,"s:38:30:38:Infinity":2,"s:39:24:39:Infinity":3,"s:40:32:40:Infinity":4,"s:41:30:41:Infinity":5,"s:42:28:42:Infinity":6,"s:43:23:43:Infinity":7,"s:45:8:87:Infinity":8,"f:45:35:45:47":1,"b:46:4:49:Infinity:undefined:undefined:undefined:undefined":1,"s:46:4:49:Infinity":9,"s:47:6:47:Infinity":10,"s:48:6:48:Infinity":11,"b:50:4:53:Infinity:undefined:undefined:undefined:undefined":2,"s:50:4:53:Infinity":12,"s:51:6:51:Infinity":13,"s:52:6:52:Infinity":14,"s:54:4:54:Infinity":15,"s:55:4:55:Infinity":16,"s:57:4:86:Infinity":17,"s:58:28:58:Infinity":18,"s:59:32:59:Infinity":19,"s:61:6:74:Infinity":20,"b:62:8:62:Infinity:undefined:undefined:undefined:undefined":3,"s:62:8:62:Infinity":21,"s:62:41:62:Infinity":22,"s:63:8:63:Infinity":23,"s:64:20:64:Infinity":24,"s:66:8:72:Infinity":25,"b:67:10:67:Infinity:undefined:undefined:undefined:undefined":4,"s:67:10:67:Infinity":26,"s:67:38:67:Infinity":27,"s:68:22:68:Infinity":28,"b:68:22:68:69:68:69:68:Infinity":5,"b:69:10:71:Infinity:undefined:undefined:undefined:undefined":6,"s:69:10:71:Infinity":29,"s:70:12:70:Infinity":30,"s:73:8:73:Infinity":31,"s:75:12:75:Infinity":32,"s:76:24:79:Infinity":33,"f:76:37:76:43":2,"s:76:43:79:8":34,"b:78:46:78:53:78:53:78:Infinity":7,"b:78:53:78:63:78:63:78:Infinity":8,"s:80:6:80:Infinity":35,"s:81:6:81:Infinity":36,"s:83:6:83:Infinity":37,"b:83:38:83:52:83:52:83:87":9,"s:85:6:85:Infinity":38,"s:89:8:105:Infinity":39,"f:90:4:90:5":3,"s:91:6:102:Infinity":40,"f:91:18:91:26":4,"s:92:24:92:Infinity":41,"b:93:8:100:Infinity:96:8:100:Infinity":10,"s:93:8:100:Infinity":42,"s:94:10:94:Infinity":43,"b:94:54:94:61:94:61:94:Infinity":11,"s:95:10:95:Infinity":44,"b:96:8:100:Infinity:98:15:100:Infinity":12,"s:96:8:100:Infinity":45,"s:97:10:97:Infinity":46,"s:99:11:99:Infinity":47,"s:101:8:101:Infinity":48,"s:107:8:124:Infinity":49,"f:107:35:107:41":5,"b:108:4:111:Infinity:undefined:undefined:undefined:undefined":13,"s:108:4:111:Infinity":50,"s:109:6:109:Infinity":51,"s:110:6:110:Infinity":52,"b:112:4:115:Infinity:undefined:undefined:undefined:undefined":14,"s:112:4:115:Infinity":53,"s:113:6:113:Infinity":54,"s:114:6:114:Infinity":55,"s:116:4:116:Infinity":56,"s:117:4:122:Infinity":57,"b:119:16:119:35:119:35:119:Infinity":15,"s:123:4:123:Infinity":58,"b:126:2:126:Infinity:undefined:undefined:undefined:undefined":16,"s:126:2:126:Infinity":59,"s:126:15:126:Infinity":60,"s:128:2:354:Infinity":61,"b:134:35:134:54:134:54:134:Infinity":17,"b:138:18:138:Infinity:139:18:139:Infinity":18,"b:152:11:152:Infinity:153:12:155:Infinity":19,"b:158:11:158:32:158:32:158:Infinity:159:12:181:Infinity":20,"f:167:36:167:Infinity":6,"s:168:18:178:Infinity":62,"f:170:29:170:35":7,"s:171:22:171:Infinity":63,"s:172:22:172:Infinity":64,"b:184:11:184:Infinity:185:12:247:Infinity":21,"f:191:28:191:33":8,"s:191:33:191:Infinity":65,"f:203:30:203:35":9,"s:203:35:203:Infinity":66,"f:214:30:214:35":10,"s:215:36:215:Infinity":67,"b:216:22:216:Infinity:undefined:undefined:undefined:undefined":22,"s:216:22:216:Infinity":68,"b:216:26:216:36:216:36:216:56":23,"s:216:56:216:Infinity":69,"s:217:36:217:Infinity":70,"s:218:34:218:Infinity":71,"b:218:34:218:62:218:62:218:Infinity":24,"s:219:37:219:Infinity":72,"s:220:22:220:Infinity":73,"s:221:22:221:Infinity":74,"s:222:22:222:Infinity":75,"f:226:29:226:41":11,"b:227:22:233:Infinity:undefined:undefined:undefined:undefined":25,"s:227:22:233:Infinity":76,"s:229:39:229:Infinity":77,"s:230:24:230:Infinity":78,"s:231:24:231:Infinity":79,"b:231:36:231:52:231:52:231:54":26,"s:232:24:232:Infinity":80,"s:234:22:234:Infinity":81,"b:250:11:250:Infinity:251:12:314:Infinity":27,"f:267:34:267:35":12,"s:268:22:302:Infinity":82,"b:271:41:271:68:271:68:271:Infinity":28,"b:280:35:280:58:280:58:280:Infinity":29,"f:281:38:281:43":13,"s:281:43:281:Infinity":83,"f:292:37:292:43":14,"s:292:43:292:Infinity":84,"b:295:34:295:Infinity:296:34:296:Infinity":30,"b:299:44:299:53:299:53:299:Infinity":31,"b:304:21:304:Infinity:305:22:309:Infinity":32,"b:320:12:335:Infinity:337:12:350:Infinity":33,"b:329:26:329:49:329:49:329:63:329:63:329:Infinity":34,"b:330:31:330:54:330:54:330:68:330:68:330:Infinity":35,"b:333:27:333:42:333:42:333:Infinity":36,"f:339:25:339:31":15,"s:339:31:339:Infinity":85}}}
,"/Users/benjaminhaddon/Github Repos/Narrative/src/frontend/PhotoOrganizer.tsx": {"path":"/Users/benjaminhaddon/Github Repos/Narrative/src/frontend/PhotoOrganizer.tsx","statementMap":{"0":{"start":{"line":28,"column":21},"end":{"line":41,"column":null}},"1":{"start":{"line":43,"column":28},"end":{"line":43,"column":null}},"2":{"start":{"line":44,"column":27},"end":{"line":44,"column":null}},"3":{"start":{"line":46,"column":42},"end":{"line":54,"column":null}},"4":{"start":{"line":57,"column":26},"end":{"line":57,"column":null}},"5":{"start":{"line":59,"column":36},"end":{"line":59,"column":null}},"6":{"start":{"line":61,"column":42},"end":{"line":61,"column":null}},"7":{"start":{"line":62,"column":38},"end":{"line":62,"column":null}},"8":{"start":{"line":63,"column":48},"end":{"line":63,"column":null}},"9":{"start":{"line":64,"column":8},"end":{"line":64,"column":null}},"10":{"start":{"line":65,"column":44},"end":{"line":65,"column":null}},"11":{"start":{"line":66,"column":36},"end":{"line":66,"column":null}},"12":{"start":{"line":67,"column":28},"end":{"line":67,"column":null}},"13":{"start":{"line":68,"column":38},"end":{"line":68,"column":null}},"14":{"start":{"line":70,"column":8},"end":{"line":70,"column":null}},"15":{"start":{"line":71,"column":30},"end":{"line":71,"column":null}},"16":{"start":{"line":72,"column":42},"end":{"line":72,"column":null}},"17":{"start":{"line":73,"column":36},"end":{"line":73,"column":null}},"18":{"start":{"line":73,"column":55},"end":{"line":73,"column":96}},"19":{"start":{"line":74,"column":36},"end":{"line":74,"column":null}},"20":{"start":{"line":75,"column":32},"end":{"line":75,"column":null}},"21":{"start":{"line":76,"column":36},"end":{"line":76,"column":null}},"22":{"start":{"line":77,"column":44},"end":{"line":77,"column":null}},"23":{"start":{"line":78,"column":50},"end":{"line":78,"column":null}},"24":{"start":{"line":79,"column":32},"end":{"line":79,"column":null}},"25":{"start":{"line":80,"column":34},"end":{"line":80,"column":null}},"26":{"start":{"line":81,"column":42},"end":{"line":81,"column":null}},"27":{"start":{"line":82,"column":40},"end":{"line":82,"column":null}},"28":{"start":{"line":83,"column":50},"end":{"line":83,"column":null}},"29":{"start":{"line":84,"column":44},"end":{"line":84,"column":null}},"30":{"start":{"line":85,"column":42},"end":{"line":85,"column":null}},"31":{"start":{"line":86,"column":44},"end":{"line":86,"column":null}},"32":{"start":{"line":87,"column":38},"end":{"line":87,"column":null}},"33":{"start":{"line":88,"column":42},"end":{"line":88,"column":null}},"34":{"start":{"line":89,"column":46},"end":{"line":89,"column":null}},"35":{"start":{"line":90,"column":46},"end":{"line":90,"column":null}},"36":{"start":{"line":91,"column":46},"end":{"line":91,"column":null}},"37":{"start":{"line":92,"column":24},"end":{"line":92,"column":null}},"38":{"start":{"line":93,"column":50},"end":{"line":93,"column":null}},"39":{"start":{"line":94,"column":8},"end":{"line":94,"column":null}},"40":{"start":{"line":95,"column":8},"end":{"line":98,"column":null}},"41":{"start":{"line":100,"column":8},"end":{"line":103,"column":null}},"42":{"start":{"line":101,"column":18},"end":{"line":101,"column":null}},"43":{"start":{"line":102,"column":4},"end":{"line":102,"column":null}},"44":{"start":{"line":106,"column":8},"end":{"line":144,"column":null}},"45":{"start":{"line":108,"column":6},"end":{"line":131,"column":null}},"46":{"start":{"line":109,"column":23},"end":{"line":109,"column":null}},"47":{"start":{"line":110,"column":8},"end":{"line":128,"column":null}},"48":{"start":{"line":111,"column":34},"end":{"line":111,"column":null}},"49":{"start":{"line":112,"column":25},"end":{"line":112,"column":null}},"50":{"start":{"line":113,"column":10},"end":{"line":116,"column":null}},"51":{"start":{"line":114,"column":12},"end":{"line":114,"column":null}},"52":{"start":{"line":115,"column":12},"end":{"line":115,"column":null}},"53":{"start":{"line":117,"column":10},"end":{"line":120,"column":null}},"54":{"start":{"line":118,"column":12},"end":{"line":118,"column":null}},"55":{"start":{"line":119,"column":12},"end":{"line":119,"column":null}},"56":{"start":{"line":121,"column":25},"end":{"line":121,"column":null}},"57":{"start":{"line":122,"column":10},"end":{"line":122,"column":null}},"58":{"start":{"line":123,"column":10},"end":{"line":123,"column":null}},"59":{"start":{"line":124,"column":22},"end":{"line":124,"column":null}},"60":{"start":{"line":125,"column":10},"end":{"line":125,"column":null}},"61":{"start":{"line":125,"column":20},"end":{"line":125,"column":null}},"62":{"start":{"line":126,"column":10},"end":{"line":126,"column":null}},"63":{"start":{"line":127,"column":10},"end":{"line":127,"column":null}},"64":{"start":{"line":133,"column":6},"end":{"line":141,"column":null}},"65":{"start":{"line":134,"column":23},"end":{"line":134,"column":null}},"66":{"start":{"line":135,"column":8},"end":{"line":138,"column":null}},"67":{"start":{"line":136,"column":10},"end":{"line":137,"column":null}},"68":{"start":{"line":136,"column":49},"end":{"line":136,"column":null}},"69":{"start":{"line":137,"column":15},"end":{"line":137,"column":null}},"70":{"start":{"line":139,"column":8},"end":{"line":139,"column":null}},"71":{"start":{"line":139,"column":31},"end":{"line":139,"column":null}},"72":{"start":{"line":140,"column":8},"end":{"line":140,"column":null}},"73":{"start":{"line":146,"column":8},"end":{"line":159,"column":null}},"74":{"start":{"line":148,"column":6},"end":{"line":148,"column":null}},"75":{"start":{"line":148,"column":26},"end":{"line":148,"column":null}},"76":{"start":{"line":149,"column":22},"end":{"line":149,"column":null}},"77":{"start":{"line":150,"column":6},"end":{"line":155,"column":null}},"78":{"start":{"line":151,"column":23},"end":{"line":151,"column":null}},"79":{"start":{"line":152,"column":8},"end":{"line":154,"column":null}},"80":{"start":{"line":153,"column":10},"end":{"line":153,"column":null}},"81":{"start":{"line":153,"column":28},"end":{"line":153,"column":51}},"82":{"start":{"line":156,"column":6},"end":{"line":156,"column":null}},"83":{"start":{"line":156,"column":36},"end":{"line":156,"column":78}},"84":{"start":{"line":161,"column":8},"end":{"line":185,"column":null}},"85":{"start":{"line":163,"column":4},"end":{"line":177,"column":null}},"86":{"start":{"line":164,"column":12},"end":{"line":164,"column":null}},"87":{"start":{"line":164,"column":54},"end":{"line":164,"column":65}},"88":{"start":{"line":165,"column":6},"end":{"line":173,"column":null}},"89":{"start":{"line":166,"column":8},"end":{"line":172,"column":null}},"90":{"start":{"line":167,"column":10},"end":{"line":171,"column":null}},"91":{"start":{"line":168,"column":12},"end":{"line":168,"column":null}},"92":{"start":{"line":174,"column":6},"end":{"line":174,"column":null}},"93":{"start":{"line":179,"column":4},"end":{"line":179,"column":null}},"94":{"start":{"line":180,"column":4},"end":{"line":180,"column":null}},"95":{"start":{"line":181,"column":4},"end":{"line":181,"column":null}},"96":{"start":{"line":182,"column":4},"end":{"line":182,"column":null}},"97":{"start":{"line":183,"column":4},"end":{"line":183,"column":null}},"98":{"start":{"line":184,"column":4},"end":{"line":184,"column":null}},"99":{"start":{"line":187,"column":8},"end":{"line":200,"column":null}},"100":{"start":{"line":188,"column":4},"end":{"line":199,"column":null}},"101":{"start":{"line":189,"column":18},"end":{"line":189,"column":null}},"102":{"start":{"line":190,"column":21},"end":{"line":190,"column":null}},"103":{"start":{"line":191,"column":23},"end":{"line":191,"column":null}},"104":{"start":{"line":191,"column":40},"end":{"line":191,"column":73}},"105":{"start":{"line":192,"column":21},"end":{"line":192,"column":null}},"106":{"start":{"line":193,"column":23},"end":{"line":193,"column":null}},"107":{"start":{"line":193,"column":42},"end":{"line":193,"column":75}},"108":{"start":{"line":194,"column":19},"end":{"line":194,"column":null}},"109":{"start":{"line":195,"column":6},"end":{"line":195,"column":null}},"110":{"start":{"line":196,"column":6},"end":{"line":196,"column":null}},"111":{"start":{"line":202,"column":8},"end":{"line":213,"column":null}},"112":{"start":{"line":203,"column":4},"end":{"line":212,"column":null}},"113":{"start":{"line":204,"column":18},"end":{"line":204,"column":null}},"114":{"start":{"line":205,"column":21},"end":{"line":205,"column":null}},"115":{"start":{"line":206,"column":19},"end":{"line":206,"column":null}},"116":{"start":{"line":206,"column":36},"end":{"line":206,"column":89}},"117":{"start":{"line":207,"column":6},"end":{"line":207,"column":null}},"118":{"start":{"line":208,"column":6},"end":{"line":208,"column":null}},"119":{"start":{"line":211,"column":6},"end":{"line":211,"column":null}},"120":{"start":{"line":215,"column":8},"end":{"line":226,"column":null}},"121":{"start":{"line":216,"column":28},"end":{"line":216,"column":null}},"122":{"start":{"line":217,"column":4},"end":{"line":224,"column":null}},"123":{"start":{"line":218,"column":19},"end":{"line":218,"column":42}},"124":{"start":{"line":220,"column":20},"end":{"line":220,"column":null}},"125":{"start":{"line":222,"column":10},"end":{"line":222,"column":null}},"126":{"start":{"line":223,"column":8},"end":{"line":223,"column":null}},"127":{"start":{"line":225,"column":4},"end":{"line":225,"column":null}},"128":{"start":{"line":228,"column":8},"end":{"line":237,"column":null}},"129":{"start":{"line":229,"column":4},"end":{"line":229,"column":null}},"130":{"start":{"line":230,"column":4},"end":{"line":232,"column":null}},"131":{"start":{"line":231,"column":6},"end":{"line":231,"column":null}},"132":{"start":{"line":233,"column":4},"end":{"line":236,"column":null}},"133":{"start":{"line":234,"column":6},"end":{"line":234,"column":null}},"134":{"start":{"line":235,"column":6},"end":{"line":235,"column":null}},"135":{"start":{"line":239,"column":8},"end":{"line":253,"column":null}},"136":{"start":{"line":241,"column":4},"end":{"line":241,"column":null}},"137":{"start":{"line":241,"column":26},"end":{"line":241,"column":null}},"138":{"start":{"line":242,"column":4},"end":{"line":245,"column":null}},"139":{"start":{"line":243,"column":6},"end":{"line":243,"column":null}},"140":{"start":{"line":244,"column":6},"end":{"line":244,"column":null}},"141":{"start":{"line":246,"column":4},"end":{"line":249,"column":null}},"142":{"start":{"line":247,"column":6},"end":{"line":247,"column":null}},"143":{"start":{"line":248,"column":6},"end":{"line":248,"column":null}},"144":{"start":{"line":251,"column":23},"end":{"line":251,"column":null}},"145":{"start":{"line":252,"column":4},"end":{"line":252,"column":null}},"146":{"start":{"line":255,"column":8},"end":{"line":304,"column":null}},"147":{"start":{"line":257,"column":6},"end":{"line":257,"column":null}},"148":{"start":{"line":257,"column":28},"end":{"line":257,"column":null}},"149":{"start":{"line":258,"column":28},"end":{"line":258,"column":null}},"150":{"start":{"line":258,"column":45},"end":{"line":258,"column":61}},"151":{"start":{"line":259,"column":6},"end":{"line":262,"column":null}},"152":{"start":{"line":260,"column":8},"end":{"line":260,"column":null}},"153":{"start":{"line":261,"column":8},"end":{"line":261,"column":null}},"154":{"start":{"line":264,"column":6},"end":{"line":301,"column":null}},"155":{"start":{"line":267,"column":28},"end":{"line":267,"column":null}},"156":{"start":{"line":268,"column":28},"end":{"line":268,"column":null}},"157":{"start":{"line":269,"column":30},"end":{"line":269,"column":null}},"158":{"start":{"line":271,"column":8},"end":{"line":282,"column":null}},"159":{"start":{"line":272,"column":23},"end":{"line":272,"column":null}},"160":{"start":{"line":273,"column":31},"end":{"line":278,"column":null}},"161":{"start":{"line":279,"column":10},"end":{"line":279,"column":null}},"162":{"start":{"line":280,"column":10},"end":{"line":280,"column":null}},"163":{"start":{"line":281,"column":10},"end":{"line":281,"column":null}},"164":{"start":{"line":284,"column":8},"end":{"line":296,"column":null}},"165":{"start":{"line":285,"column":27},"end":{"line":285,"column":null}},"166":{"start":{"line":286,"column":23},"end":{"line":286,"column":null}},"167":{"start":{"line":287,"column":31},"end":{"line":292,"column":null}},"168":{"start":{"line":293,"column":10},"end":{"line":293,"column":null}},"169":{"start":{"line":294,"column":10},"end":{"line":294,"column":null}},"170":{"start":{"line":295,"column":10},"end":{"line":295,"column":null}},"171":{"start":{"line":298,"column":8},"end":{"line":298,"column":null}},"172":{"start":{"line":300,"column":8},"end":{"line":300,"column":null}},"173":{"start":{"line":306,"column":8},"end":{"line":336,"column":null}},"174":{"start":{"line":310,"column":25},"end":{"line":310,"column":null}},"175":{"start":{"line":311,"column":4},"end":{"line":311,"column":null}},"176":{"start":{"line":311,"column":26},"end":{"line":311,"column":55}},"177":{"start":{"line":313,"column":4},"end":{"line":335,"column":null}},"178":{"start":{"line":314,"column":6},"end":{"line":314,"column":null}},"179":{"start":{"line":314,"column":23},"end":{"line":314,"column":null}},"180":{"start":{"line":315,"column":20},"end":{"line":315,"column":null}},"181":{"start":{"line":318,"column":6},"end":{"line":325,"column":null}},"182":{"start":{"line":319,"column":20},"end":{"line":319,"column":null}},"183":{"start":{"line":320,"column":22},"end":{"line":320,"column":null}},"184":{"start":{"line":321,"column":8},"end":{"line":324,"column":null}},"185":{"start":{"line":322,"column":20},"end":{"line":322,"column":null}},"186":{"start":{"line":323,"column":10},"end":{"line":323,"column":null}},"187":{"start":{"line":323,"column":32},"end":{"line":323,"column":null}},"188":{"start":{"line":328,"column":18},"end":{"line":328,"column":null}},"189":{"start":{"line":329,"column":22},"end":{"line":329,"column":null}},"190":{"start":{"line":330,"column":6},"end":{"line":332,"column":null}},"191":{"start":{"line":331,"column":8},"end":{"line":331,"column":null}},"192":{"start":{"line":334,"column":6},"end":{"line":334,"column":null}},"193":{"start":{"line":338,"column":8},"end":{"line":374,"column":null}},"194":{"start":{"line":342,"column":30},"end":{"line":342,"column":null}},"195":{"start":{"line":343,"column":6},"end":{"line":345,"column":null}},"196":{"start":{"line":344,"column":8},"end":{"line":344,"column":null}},"197":{"start":{"line":347,"column":6},"end":{"line":371,"column":null}},"198":{"start":{"line":348,"column":8},"end":{"line":348,"column":null}},"199":{"start":{"line":348,"column":25},"end":{"line":348,"column":null}},"200":{"start":{"line":349,"column":22},"end":{"line":349,"column":null}},"201":{"start":{"line":350,"column":20},"end":{"line":350,"column":null}},"202":{"start":{"line":353,"column":28},"end":{"line":353,"column":null}},"203":{"start":{"line":354,"column":8},"end":{"line":356,"column":null}},"204":{"start":{"line":355,"column":10},"end":{"line":355,"column":null}},"205":{"start":{"line":359,"column":8},"end":{"line":366,"column":null}},"206":{"start":{"line":360,"column":22},"end":{"line":360,"column":null}},"207":{"start":{"line":361,"column":24},"end":{"line":361,"column":null}},"208":{"start":{"line":362,"column":10},"end":{"line":365,"column":null}},"209":{"start":{"line":363,"column":22},"end":{"line":363,"column":null}},"210":{"start":{"line":364,"column":12},"end":{"line":364,"column":null}},"211":{"start":{"line":364,"column":34},"end":{"line":364,"column":null}},"212":{"start":{"line":370,"column":8},"end":{"line":370,"column":null}},"213":{"start":{"line":375,"column":8},"end":{"line":411,"column":null}},"214":{"start":{"line":377,"column":6},"end":{"line":377,"column":null}},"215":{"start":{"line":378,"column":6},"end":{"line":378,"column":null}},"216":{"start":{"line":379,"column":6},"end":{"line":408,"column":null}},"217":{"start":{"line":380,"column":22},"end":{"line":380,"column":null}},"218":{"start":{"line":382,"column":31},"end":{"line":382,"column":null}},"219":{"start":{"line":383,"column":30},"end":{"line":383,"column":null}},"220":{"start":{"line":384,"column":8},"end":{"line":384,"column":null}},"221":{"start":{"line":385,"column":8},"end":{"line":385,"column":null}},"222":{"start":{"line":386,"column":8},"end":{"line":386,"column":null}},"223":{"start":{"line":388,"column":8},"end":{"line":388,"column":null}},"224":{"start":{"line":389,"column":8},"end":{"line":389,"column":null}},"225":{"start":{"line":390,"column":8},"end":{"line":398,"column":null}},"226":{"start":{"line":391,"column":10},"end":{"line":397,"column":null}},"227":{"start":{"line":400,"column":24},"end":{"line":400,"column":null}},"228":{"start":{"line":401,"column":8},"end":{"line":401,"column":null}},"229":{"start":{"line":402,"column":8},"end":{"line":402,"column":null}},"230":{"start":{"line":403,"column":8},"end":{"line":403,"column":null}},"231":{"start":{"line":405,"column":8},"end":{"line":405,"column":null}},"232":{"start":{"line":407,"column":8},"end":{"line":407,"column":null}},"233":{"start":{"line":413,"column":2},"end":{"line":446,"column":null}},"234":{"start":{"line":414,"column":4},"end":{"line":436,"column":null}},"235":{"start":{"line":415,"column":31},"end":{"line":415,"column":null}},"236":{"start":{"line":416,"column":6},"end":{"line":432,"column":null}},"237":{"start":{"line":417,"column":8},"end":{"line":431,"column":null}},"238":{"start":{"line":418,"column":25},"end":{"line":418,"column":null}},"239":{"start":{"line":419,"column":29},"end":{"line":424,"column":null}},"240":{"start":{"line":420,"column":37},"end":{"line":423,"column":16}},"241":{"start":{"line":425,"column":10},"end":{"line":425,"column":null}},"242":{"start":{"line":429,"column":10},"end":{"line":429,"column":null}},"243":{"start":{"line":430,"column":10},"end":{"line":430,"column":null}},"244":{"start":{"line":435,"column":6},"end":{"line":435,"column":null}},"245":{"start":{"line":438,"column":28},"end":{"line":438,"column":null}},"246":{"start":{"line":439,"column":4},"end":{"line":445,"column":null}},"247":{"start":{"line":440,"column":6},"end":{"line":440,"column":null}},"248":{"start":{"line":441,"column":6},"end":{"line":441,"column":null}},"249":{"start":{"line":444,"column":6},"end":{"line":444,"column":null}},"250":{"start":{"line":449,"column":15},"end":{"line":460,"column":null}},"251":{"start":{"line":450,"column":19},"end":{"line":450,"column":null}},"252":{"start":{"line":451,"column":4},"end":{"line":458,"column":null}},"253":{"start":{"line":452,"column":6},"end":{"line":457,"column":null}},"254":{"start":{"line":453,"column":8},"end":{"line":455,"column":null}},"255":{"start":{"line":454,"column":10},"end":{"line":454,"column":null}},"256":{"start":{"line":456,"column":8},"end":{"line":456,"column":null}},"257":{"start":{"line":459,"column":4},"end":{"line":459,"column":null}},"258":{"start":{"line":459,"column":55},"end":{"line":459,"column":66}},"259":{"start":{"line":466,"column":22},"end":{"line":469,"column":null}},"260":{"start":{"line":467,"column":10},"end":{"line":467,"column":null}},"261":{"start":{"line":467,"column":31},"end":{"line":467,"column":51}},"262":{"start":{"line":472,"column":24},"end":{"line":472,"column":null}},"263":{"start":{"line":473,"column":8},"end":{"line":528,"column":null}},"264":{"start":{"line":483,"column":12},"end":{"line":483,"column":null}},"265":{"start":{"line":486,"column":29},"end":{"line":486,"column":null}},"266":{"start":{"line":486,"column":45},"end":{"line":486,"column":59}},"267":{"start":{"line":487,"column":26},"end":{"line":490,"column":null}},"268":{"start":{"line":488,"column":14},"end":{"line":488,"column":null}},"269":{"start":{"line":489,"column":8},"end":{"line":489,"column":null}},"270":{"start":{"line":491,"column":24},"end":{"line":493,"column":null}},"271":{"start":{"line":492,"column":11},"end":{"line":492,"column":null}},"272":{"start":{"line":494,"column":30},"end":{"line":494,"column":null}},"273":{"start":{"line":495,"column":27},"end":{"line":495,"column":null}},"274":{"start":{"line":498,"column":8},"end":{"line":498,"column":null}},"275":{"start":{"line":501,"column":37},"end":{"line":501,"column":null}},"276":{"start":{"line":502,"column":6},"end":{"line":510,"column":null}},"277":{"start":{"line":503,"column":50},"end":{"line":503,"column":null}},"278":{"start":{"line":504,"column":8},"end":{"line":506,"column":null}},"279":{"start":{"line":505,"column":10},"end":{"line":505,"column":null}},"280":{"start":{"line":505,"column":29},"end":{"line":505,"column":null}},"281":{"start":{"line":507,"column":8},"end":{"line":509,"column":null}},"282":{"start":{"line":508,"column":10},"end":{"line":508,"column":null}},"283":{"start":{"line":508,"column":70},"end":{"line":508,"column":81}},"284":{"start":{"line":512,"column":6},"end":{"line":518,"column":null}},"285":{"start":{"line":513,"column":18},"end":{"line":513,"column":null}},"286":{"start":{"line":514,"column":8},"end":{"line":517,"column":null}},"287":{"start":{"line":515,"column":20},"end":{"line":515,"column":null}},"288":{"start":{"line":516,"column":10},"end":{"line":516,"column":null}},"289":{"start":{"line":516,"column":32},"end":{"line":516,"column":null}},"290":{"start":{"line":521,"column":8},"end":{"line":523,"column":null}},"291":{"start":{"line":525,"column":6},"end":{"line":525,"column":null}},"292":{"start":{"line":531,"column":8},"end":{"line":550,"column":null}},"293":{"start":{"line":533,"column":26},"end":{"line":536,"column":null}},"294":{"start":{"line":534,"column":20},"end":{"line":534,"column":null}},"295":{"start":{"line":535,"column":8},"end":{"line":535,"column":null}},"296":{"start":{"line":539,"column":23},"end":{"line":539,"column":null}},"297":{"start":{"line":539,"column":47},"end":{"line":539,"column":59}},"298":{"start":{"line":540,"column":21},"end":{"line":540,"column":null}},"299":{"start":{"line":540,"column":45},"end":{"line":540,"column":74}},"300":{"start":{"line":541,"column":22},"end":{"line":541,"column":null}},"301":{"start":{"line":541,"column":46},"end":{"line":541,"column":74}},"302":{"start":{"line":543,"column":6},"end":{"line":543,"column":null}},"303":{"start":{"line":543,"column":24},"end":{"line":543,"column":73}},"304":{"start":{"line":544,"column":6},"end":{"line":544,"column":null}},"305":{"start":{"line":544,"column":28},"end":{"line":544,"column":60}},"306":{"start":{"line":545,"column":6},"end":{"line":545,"column":null}},"307":{"start":{"line":545,"column":29},"end":{"line":545,"column":61}},"308":{"start":{"line":547,"column":6},"end":{"line":547,"column":null}},"309":{"start":{"line":553,"column":21},"end":{"line":563,"column":null}},"310":{"start":{"line":554,"column":16},"end":{"line":554,"column":null}},"311":{"start":{"line":555,"column":4},"end":{"line":561,"column":null}},"312":{"start":{"line":556,"column":6},"end":{"line":556,"column":null}},"313":{"start":{"line":556,"column":22},"end":{"line":556,"column":null}},"314":{"start":{"line":557,"column":12},"end":{"line":557,"column":null}},"315":{"start":{"line":558,"column":21},"end":{"line":558,"column":null}},"316":{"start":{"line":559,"column":6},"end":{"line":559,"column":null}},"317":{"start":{"line":559,"column":28},"end":{"line":559,"column":null}},"318":{"start":{"line":560,"column":6},"end":{"line":560,"column":null}},"319":{"start":{"line":562,"column":4},"end":{"line":562,"column":null}},"320":{"start":{"line":562,"column":52},"end":{"line":562,"column":76}},"321":{"start":{"line":568,"column":28},"end":{"line":592,"column":null}},"322":{"start":{"line":569,"column":21},"end":{"line":571,"column":null}},"323":{"start":{"line":570,"column":24},"end":{"line":570,"column":75}},"324":{"start":{"line":572,"column":26},"end":{"line":572,"column":null}},"325":{"start":{"line":575,"column":35},"end":{"line":575,"column":null}},"326":{"start":{"line":576,"column":4},"end":{"line":581,"column":null}},"327":{"start":{"line":577,"column":12},"end":{"line":577,"column":null}},"328":{"start":{"line":578,"column":6},"end":{"line":580,"column":null}},"329":{"start":{"line":579,"column":8},"end":{"line":579,"column":null}},"330":{"start":{"line":584,"column":21},"end":{"line":584,"column":null}},"331":{"start":{"line":585,"column":4},"end":{"line":587,"column":null}},"332":{"start":{"line":586,"column":6},"end":{"line":586,"column":null}},"333":{"start":{"line":586,"column":29},"end":{"line":586,"column":null}},"334":{"start":{"line":591,"column":4},"end":{"line":591,"column":null}},"335":{"start":{"line":595,"column":2},"end":{"line":652,"column":null}},"336":{"start":{"line":596,"column":4},"end":{"line":651,"column":null}},"337":{"start":{"line":597,"column":6},"end":{"line":597,"column":null}},"338":{"start":{"line":598,"column":6},"end":{"line":601,"column":null}},"339":{"start":{"line":600,"column":27},"end":{"line":600,"column":98}},"340":{"start":{"line":604,"column":82},"end":{"line":604,"column":null}},"341":{"start":{"line":605,"column":6},"end":{"line":620,"column":null}},"342":{"start":{"line":606,"column":8},"end":{"line":606,"column":null}},"343":{"start":{"line":606,"column":27},"end":{"line":606,"column":null}},"344":{"start":{"line":607,"column":18},"end":{"line":607,"column":null}},"345":{"start":{"line":608,"column":8},"end":{"line":608,"column":null}},"346":{"start":{"line":608,"column":28},"end":{"line":608,"column":null}},"347":{"start":{"line":609,"column":8},"end":{"line":609,"column":null}},"348":{"start":{"line":610,"column":14},"end":{"line":610,"column":null}},"349":{"start":{"line":611,"column":8},"end":{"line":619,"column":null}},"350":{"start":{"line":612,"column":10},"end":{"line":612,"column":null}},"351":{"start":{"line":613,"column":8},"end":{"line":619,"column":null}},"352":{"start":{"line":614,"column":10},"end":{"line":614,"column":null}},"353":{"start":{"line":615,"column":8},"end":{"line":619,"column":null}},"354":{"start":{"line":616,"column":10},"end":{"line":616,"column":null}},"355":{"start":{"line":618,"column":10},"end":{"line":618,"column":null}},"356":{"start":{"line":621,"column":29},"end":{"line":621,"column":null}},"357":{"start":{"line":621,"column":61},"end":{"line":621,"column":70}},"358":{"start":{"line":622,"column":6},"end":{"line":629,"column":null}},"359":{"start":{"line":624,"column":52},"end":{"line":628,"column":10}},"360":{"start":{"line":630,"column":6},"end":{"line":630,"column":null}},"361":{"start":{"line":631,"column":25},"end":{"line":633,"column":null}},"362":{"start":{"line":633,"column":21},"end":{"line":633,"column":48}},"363":{"start":{"line":634,"column":6},"end":{"line":636,"column":null}},"364":{"start":{"line":635,"column":8},"end":{"line":635,"column":null}},"365":{"start":{"line":639,"column":6},"end":{"line":639,"column":null}},"366":{"start":{"line":640,"column":6},"end":{"line":645,"column":null}},"367":{"start":{"line":641,"column":23},"end":{"line":641,"column":null}},"368":{"start":{"line":642,"column":8},"end":{"line":642,"column":null}},"369":{"start":{"line":643,"column":8},"end":{"line":643,"column":null}},"370":{"start":{"line":643,"column":38},"end":{"line":643,"column":85}},"371":{"start":{"line":644,"column":8},"end":{"line":644,"column":null}},"372":{"start":{"line":646,"column":6},"end":{"line":646,"column":null}},"373":{"start":{"line":648,"column":6},"end":{"line":648,"column":null}},"374":{"start":{"line":650,"column":6},"end":{"line":650,"column":null}},"375":{"start":{"line":655,"column":25},"end":{"line":700,"column":null}},"376":{"start":{"line":656,"column":4},"end":{"line":699,"column":null}},"377":{"start":{"line":658,"column":8},"end":{"line":671,"column":null}},"378":{"start":{"line":661,"column":10},"end":{"line":670,"column":null}},"379":{"start":{"line":662,"column":12},"end":{"line":662,"column":null}},"380":{"start":{"line":662,"column":53},"end":{"line":662,"column":null}},"381":{"start":{"line":664,"column":18},"end":{"line":664,"column":null}},"382":{"start":{"line":665,"column":12},"end":{"line":668,"column":null}},"383":{"start":{"line":672,"column":8},"end":{"line":672,"column":null}},"384":{"start":{"line":672,"column":34},"end":{"line":672,"column":63}},"385":{"start":{"line":678,"column":8},"end":{"line":680,"column":null}},"386":{"start":{"line":679,"column":10},"end":{"line":679,"column":null}},"387":{"start":{"line":679,"column":31},"end":{"line":679,"column":92}},"388":{"start":{"line":681,"column":8},"end":{"line":681,"column":null}},"389":{"start":{"line":681,"column":34},"end":{"line":681,"column":45}},"390":{"start":{"line":683,"column":8},"end":{"line":689,"column":null}},"391":{"start":{"line":684,"column":10},"end":{"line":688,"column":null}},"392":{"start":{"line":686,"column":14},"end":{"line":687,"column":null}},"393":{"start":{"line":690,"column":8},"end":{"line":690,"column":null}},"394":{"start":{"line":692,"column":8},"end":{"line":692,"column":null}},"395":{"start":{"line":692,"column":34},"end":{"line":692,"column":59}},"396":{"start":{"line":694,"column":8},"end":{"line":694,"column":null}},"397":{"start":{"line":694,"column":34},"end":{"line":694,"column":44}},"398":{"start":{"line":696,"column":8},"end":{"line":696,"column":null}},"399":{"start":{"line":696,"column":34},"end":{"line":696,"column":57}},"400":{"start":{"line":698,"column":8},"end":{"line":698,"column":null}},"401":{"start":{"line":703,"column":2},"end":{"line":717,"column":null}},"402":{"start":{"line":704,"column":4},"end":{"line":716,"column":null}},"403":{"start":{"line":712,"column":26},"end":{"line":712,"column":null}},"404":{"start":{"line":713,"column":6},"end":{"line":715,"column":null}},"405":{"start":{"line":714,"column":8},"end":{"line":714,"column":null}},"406":{"start":{"line":720,"column":8},"end":{"line":735,"column":null}},"407":{"start":{"line":722,"column":6},"end":{"line":722,"column":null}},"408":{"start":{"line":722,"column":28},"end":{"line":722,"column":null}},"409":{"start":{"line":723,"column":38},"end":{"line":730,"column":null}},"410":{"start":{"line":732,"column":6},"end":{"line":732,"column":null}},"411":{"start":{"line":737,"column":8},"end":{"line":782,"column":null}},"412":{"start":{"line":740,"column":23},"end":{"line":752,"column":null}},"413":{"start":{"line":740,"column":40},"end":{"line":752,"column":8}},"414":{"start":{"line":754,"column":25},"end":{"line":754,"column":null}},"415":{"start":{"line":755,"column":6},"end":{"line":755,"column":null}},"416":{"start":{"line":757,"column":21},"end":{"line":757,"column":null}},"417":{"start":{"line":758,"column":6},"end":{"line":758,"column":null}},"418":{"start":{"line":759,"column":6},"end":{"line":759,"column":null}},"419":{"start":{"line":762,"column":6},"end":{"line":776,"column":null}},"420":{"start":{"line":763,"column":26},"end":{"line":763,"column":null}},"421":{"start":{"line":763,"column":45},"end":{"line":763,"column":56}},"422":{"start":{"line":764,"column":8},"end":{"line":772,"column":null}},"423":{"start":{"line":765,"column":10},"end":{"line":771,"column":null}},"424":{"start":{"line":766,"column":12},"end":{"line":770,"column":null}},"425":{"start":{"line":767,"column":14},"end":{"line":767,"column":null}},"426":{"start":{"line":773,"column":8},"end":{"line":773,"column":null}},"427":{"start":{"line":778,"column":6},"end":{"line":778,"column":null}},"428":{"start":{"line":779,"column":6},"end":{"line":779,"column":null}},"429":{"start":{"line":785,"column":8},"end":{"line":824,"column":null}},"430":{"start":{"line":787,"column":18},"end":{"line":787,"column":null}},"431":{"start":{"line":789,"column":23},"end":{"line":789,"column":null}},"432":{"start":{"line":790,"column":24},"end":{"line":820,"column":null}},"433":{"start":{"line":791,"column":8},"end":{"line":818,"column":null}},"434":{"start":{"line":795,"column":12},"end":{"line":798,"column":null}},"435":{"start":{"line":799,"column":22},"end":{"line":799,"column":null}},"436":{"start":{"line":800,"column":27},"end":{"line":800,"column":null}},"437":{"start":{"line":800,"column":46},"end":{"line":800,"column":82}},"438":{"start":{"line":801,"column":16},"end":{"line":801,"column":null}},"439":{"start":{"line":802,"column":10},"end":{"line":802,"column":null}},"440":{"start":{"line":804,"column":12},"end":{"line":808,"column":null}},"441":{"start":{"line":810,"column":10},"end":{"line":817,"column":null}},"442":{"start":{"line":819,"column":8},"end":{"line":819,"column":null}},"443":{"start":{"line":821,"column":6},"end":{"line":821,"column":null}},"444":{"start":{"line":827,"column":8},"end":{"line":836,"column":null}},"445":{"start":{"line":829,"column":18},"end":{"line":829,"column":null}},"446":{"start":{"line":830,"column":24},"end":{"line":832,"column":null}},"447":{"start":{"line":831,"column":8},"end":{"line":831,"column":null}},"448":{"start":{"line":833,"column":6},"end":{"line":833,"column":null}},"449":{"start":{"line":839,"column":8},"end":{"line":851,"column":null}},"450":{"start":{"line":840,"column":4},"end":{"line":850,"column":null}},"451":{"start":{"line":841,"column":23},"end":{"line":841,"column":null}},"452":{"start":{"line":843,"column":25},"end":{"line":846,"column":null}},"453":{"start":{"line":844,"column":21},"end":{"line":844,"column":null}},"454":{"start":{"line":844,"column":47},"end":{"line":844,"column":64}},"455":{"start":{"line":845,"column":8},"end":{"line":845,"column":null}},"456":{"start":{"line":847,"column":6},"end":{"line":847,"column":null}},"457":{"start":{"line":848,"column":6},"end":{"line":848,"column":null}},"458":{"start":{"line":849,"column":6},"end":{"line":849,"column":null}},"459":{"start":{"line":853,"column":8},"end":{"line":864,"column":null}},"460":{"start":{"line":854,"column":4},"end":{"line":863,"column":null}},"461":{"start":{"line":855,"column":23},"end":{"line":855,"column":null}},"462":{"start":{"line":856,"column":25},"end":{"line":859,"column":null}},"463":{"start":{"line":857,"column":21},"end":{"line":857,"column":null}},"464":{"start":{"line":857,"column":47},"end":{"line":857,"column":64}},"465":{"start":{"line":858,"column":8},"end":{"line":858,"column":null}},"466":{"start":{"line":860,"column":6},"end":{"line":860,"column":null}},"467":{"start":{"line":861,"column":6},"end":{"line":861,"column":null}},"468":{"start":{"line":862,"column":6},"end":{"line":862,"column":null}},"469":{"start":{"line":869,"column":8},"end":{"line":933,"column":null}},"470":{"start":{"line":871,"column":6},"end":{"line":871,"column":null}},"471":{"start":{"line":872,"column":6},"end":{"line":872,"column":null}},"472":{"start":{"line":873,"column":6},"end":{"line":930,"column":null}},"473":{"start":{"line":874,"column":27},"end":{"line":878,"column":null}},"474":{"start":{"line":879,"column":31},"end":{"line":881,"column":null}},"475":{"start":{"line":882,"column":14},"end":{"line":884,"column":null}},"476":{"start":{"line":883,"column":30},"end":{"line":883,"column":37}},"477":{"start":{"line":884,"column":27},"end":{"line":884,"column":35}},"478":{"start":{"line":885,"column":32},"end":{"line":885,"column":null}},"479":{"start":{"line":886,"column":30},"end":{"line":886,"column":null}},"480":{"start":{"line":887,"column":40},"end":{"line":893,"column":null}},"481":{"start":{"line":895,"column":8},"end":{"line":895,"column":null}},"482":{"start":{"line":896,"column":8},"end":{"line":896,"column":null}},"483":{"start":{"line":897,"column":8},"end":{"line":897,"column":null}},"484":{"start":{"line":898,"column":8},"end":{"line":898,"column":null}},"485":{"start":{"line":899,"column":8},"end":{"line":899,"column":null}},"486":{"start":{"line":900,"column":8},"end":{"line":900,"column":null}},"487":{"start":{"line":901,"column":8},"end":{"line":901,"column":null}},"488":{"start":{"line":902,"column":8},"end":{"line":902,"column":null}},"489":{"start":{"line":903,"column":8},"end":{"line":903,"column":null}},"490":{"start":{"line":904,"column":8},"end":{"line":904,"column":null}},"491":{"start":{"line":905,"column":8},"end":{"line":905,"column":null}},"492":{"start":{"line":906,"column":8},"end":{"line":906,"column":null}},"493":{"start":{"line":907,"column":8},"end":{"line":907,"column":null}},"494":{"start":{"line":908,"column":8},"end":{"line":908,"column":null}},"495":{"start":{"line":909,"column":8},"end":{"line":909,"column":null}},"496":{"start":{"line":910,"column":8},"end":{"line":910,"column":null}},"497":{"start":{"line":911,"column":8},"end":{"line":911,"column":null}},"498":{"start":{"line":912,"column":8},"end":{"line":918,"column":null}},"499":{"start":{"line":920,"column":8},"end":{"line":920,"column":null}},"500":{"start":{"line":922,"column":8},"end":{"line":922,"column":null}},"501":{"start":{"line":924,"column":8},"end":{"line":924,"column":null}},"502":{"start":{"line":925,"column":8},"end":{"line":925,"column":null}},"503":{"start":{"line":927,"column":8},"end":{"line":927,"column":null}},"504":{"start":{"line":929,"column":8},"end":{"line":929,"column":null}},"505":{"start":{"line":936,"column":2},"end":{"line":1064,"column":null}},"506":{"start":{"line":937,"column":27},"end":{"line":1046,"column":null}},"507":{"start":{"line":938,"column":21},"end":{"line":938,"column":null}},"508":{"start":{"line":939,"column":6},"end":{"line":950,"column":null}},"509":{"start":{"line":949,"column":8},"end":{"line":949,"column":null}},"510":{"start":{"line":952,"column":6},"end":{"line":957,"column":null}},"511":{"start":{"line":953,"column":8},"end":{"line":955,"column":null}},"512":{"start":{"line":954,"column":10},"end":{"line":954,"column":null}},"513":{"start":{"line":956,"column":8},"end":{"line":956,"column":null}},"514":{"start":{"line":959,"column":6},"end":{"line":963,"column":null}},"515":{"start":{"line":960,"column":8},"end":{"line":960,"column":null}},"516":{"start":{"line":961,"column":8},"end":{"line":961,"column":null}},"517":{"start":{"line":962,"column":8},"end":{"line":962,"column":null}},"518":{"start":{"line":965,"column":6},"end":{"line":968,"column":null}},"519":{"start":{"line":966,"column":8},"end":{"line":966,"column":null}},"520":{"start":{"line":967,"column":8},"end":{"line":967,"column":null}},"521":{"start":{"line":972,"column":8},"end":{"line":972,"column":null}},"522":{"start":{"line":973,"column":6},"end":{"line":973,"column":null}},"523":{"start":{"line":973,"column":22},"end":{"line":973,"column":null}},"524":{"start":{"line":975,"column":6},"end":{"line":979,"column":null}},"525":{"start":{"line":976,"column":24},"end":{"line":976,"column":null}},"526":{"start":{"line":977,"column":8},"end":{"line":977,"column":null}},"527":{"start":{"line":978,"column":8},"end":{"line":978,"column":null}},"528":{"start":{"line":982,"column":22},"end":{"line":982,"column":null}},"529":{"start":{"line":983,"column":6},"end":{"line":985,"column":null}},"530":{"start":{"line":984,"column":8},"end":{"line":984,"column":null}},"531":{"start":{"line":986,"column":21},"end":{"line":986,"column":null}},"532":{"start":{"line":986,"column":44},"end":{"line":986,"column":63}},"533":{"start":{"line":987,"column":6},"end":{"line":1000,"column":null}},"534":{"start":{"line":988,"column":24},"end":{"line":988,"column":null}},"535":{"start":{"line":989,"column":8},"end":{"line":989,"column":null}},"536":{"start":{"line":991,"column":29},"end":{"line":991,"column":null}},"537":{"start":{"line":991,"column":59},"end":{"line":991,"column":77}},"538":{"start":{"line":992,"column":8},"end":{"line":998,"column":null}},"539":{"start":{"line":993,"column":25},"end":{"line":993,"column":null}},"540":{"start":{"line":994,"column":10},"end":{"line":994,"column":null}},"541":{"start":{"line":995,"column":10},"end":{"line":995,"column":null}},"542":{"start":{"line":996,"column":10},"end":{"line":996,"column":null}},"543":{"start":{"line":997,"column":10},"end":{"line":997,"column":null}},"544":{"start":{"line":999,"column":8},"end":{"line":999,"column":null}},"545":{"start":{"line":1002,"column":6},"end":{"line":1006,"column":null}},"546":{"start":{"line":1003,"column":24},"end":{"line":1003,"column":null}},"547":{"start":{"line":1004,"column":8},"end":{"line":1004,"column":null}},"548":{"start":{"line":1005,"column":8},"end":{"line":1005,"column":null}},"549":{"start":{"line":1009,"column":6},"end":{"line":1045,"column":null}},"550":{"start":{"line":1010,"column":29},"end":{"line":1010,"column":null}},"551":{"start":{"line":1010,"column":59},"end":{"line":1010,"column":77}},"552":{"start":{"line":1011,"column":8},"end":{"line":1016,"column":null}},"553":{"start":{"line":1012,"column":25},"end":{"line":1012,"column":null}},"554":{"start":{"line":1013,"column":10},"end":{"line":1013,"column":null}},"555":{"start":{"line":1014,"column":10},"end":{"line":1014,"column":null}},"556":{"start":{"line":1015,"column":10},"end":{"line":1015,"column":null}},"557":{"start":{"line":1017,"column":6},"end":{"line":1045,"column":null}},"558":{"start":{"line":1018,"column":29},"end":{"line":1018,"column":null}},"559":{"start":{"line":1018,"column":59},"end":{"line":1018,"column":77}},"560":{"start":{"line":1019,"column":8},"end":{"line":1025,"column":null}},"561":{"start":{"line":1020,"column":25},"end":{"line":1020,"column":null}},"562":{"start":{"line":1021,"column":10},"end":{"line":1021,"column":null}},"563":{"start":{"line":1022,"column":10},"end":{"line":1022,"column":null}},"564":{"start":{"line":1023,"column":10},"end":{"line":1023,"column":null}},"565":{"start":{"line":1024,"column":10},"end":{"line":1024,"column":null}},"566":{"start":{"line":1026,"column":6},"end":{"line":1045,"column":null}},"567":{"start":{"line":1027,"column":8},"end":{"line":1027,"column":null}},"568":{"start":{"line":1028,"column":8},"end":{"line":1028,"column":null}},"569":{"start":{"line":1029,"column":6},"end":{"line":1045,"column":null}},"570":{"start":{"line":1030,"column":8},"end":{"line":1037,"column":null}},"571":{"start":{"line":1031,"column":10},"end":{"line":1031,"column":null}},"572":{"start":{"line":1033,"column":10},"end":{"line":1033,"column":null}},"573":{"start":{"line":1034,"column":10},"end":{"line":1034,"column":null}},"574":{"start":{"line":1035,"column":10},"end":{"line":1035,"column":null}},"575":{"start":{"line":1036,"column":10},"end":{"line":1036,"column":null}},"576":{"start":{"line":1038,"column":6},"end":{"line":1045,"column":null}},"577":{"start":{"line":1039,"column":8},"end":{"line":1039,"column":null}},"578":{"start":{"line":1040,"column":8},"end":{"line":1044,"column":null}},"579":{"start":{"line":1041,"column":10},"end":{"line":1041,"column":null}},"580":{"start":{"line":1043,"column":10},"end":{"line":1043,"column":null}},"581":{"start":{"line":1048,"column":4},"end":{"line":1048,"column":null}},"582":{"start":{"line":1049,"column":4},"end":{"line":1049,"column":null}},"583":{"start":{"line":1049,"column":17},"end":{"line":1049,"column":null}},"584":{"start":{"line":1067,"column":16},"end":{"line":1077,"column":null}},"585":{"start":{"line":1068,"column":11},"end":{"line":1075,"column":null}},"586":{"start":{"line":1070,"column":33},"end":{"line":1070,"column":56}},"587":{"start":{"line":1071,"column":35},"end":{"line":1071,"column":59}},"588":{"start":{"line":1072,"column":35},"end":{"line":1072,"column":45}},"589":{"start":{"line":1073,"column":36},"end":{"line":1073,"column":46}},"590":{"start":{"line":1074,"column":31},"end":{"line":1074,"column":60}},"591":{"start":{"line":1080,"column":8},"end":{"line":1123,"column":null}},"592":{"start":{"line":1083,"column":6},"end":{"line":1096,"column":null}},"593":{"start":{"line":1088,"column":22},"end":{"line":1088,"column":null}},"594":{"start":{"line":1089,"column":20},"end":{"line":1089,"column":null}},"595":{"start":{"line":1090,"column":25},"end":{"line":1090,"column":null}},"596":{"start":{"line":1090,"column":71},"end":{"line":1090,"column":75}},"597":{"start":{"line":1091,"column":8},"end":{"line":1091,"column":null}},"598":{"start":{"line":1092,"column":8},"end":{"line":1092,"column":null}},"599":{"start":{"line":1093,"column":8},"end":{"line":1093,"column":null}},"600":{"start":{"line":1094,"column":8},"end":{"line":1094,"column":null}},"601":{"start":{"line":1095,"column":8},"end":{"line":1095,"column":null}},"602":{"start":{"line":1099,"column":6},"end":{"line":1108,"column":null}},"603":{"start":{"line":1100,"column":21},"end":{"line":1100,"column":null}},"604":{"start":{"line":1101,"column":8},"end":{"line":1102,"column":null}},"605":{"start":{"line":1101,"column":31},"end":{"line":1101,"column":null}},"606":{"start":{"line":1102,"column":13},"end":{"line":1102,"column":null}},"607":{"start":{"line":1103,"column":8},"end":{"line":1103,"column":null}},"608":{"start":{"line":1104,"column":8},"end":{"line":1104,"column":null}},"609":{"start":{"line":1105,"column":8},"end":{"line":1105,"column":null}},"610":{"start":{"line":1106,"column":8},"end":{"line":1106,"column":null}},"611":{"start":{"line":1107,"column":8},"end":{"line":1107,"column":null}},"612":{"start":{"line":1111,"column":6},"end":{"line":1111,"column":null}},"613":{"start":{"line":1112,"column":6},"end":{"line":1112,"column":null}},"614":{"start":{"line":1113,"column":6},"end":{"line":1113,"column":null}},"615":{"start":{"line":1114,"column":6},"end":{"line":1114,"column":null}},"616":{"start":{"line":1117,"column":6},"end":{"line":1120,"column":null}},"617":{"start":{"line":1118,"column":8},"end":{"line":1118,"column":null}},"618":{"start":{"line":1119,"column":8},"end":{"line":1119,"column":null}},"619":{"start":{"line":1125,"column":2},"end":{"line":2224,"column":null}},"620":{"start":{"line":1150,"column":18},"end":{"line":1150,"column":null}},"621":{"start":{"line":1151,"column":18},"end":{"line":1151,"column":null}},"622":{"start":{"line":1152,"column":18},"end":{"line":1152,"column":null}},"623":{"start":{"line":1153,"column":18},"end":{"line":1153,"column":null}},"624":{"start":{"line":1154,"column":18},"end":{"line":1154,"column":null}},"625":{"start":{"line":1166,"column":20},"end":{"line":1166,"column":null}},"626":{"start":{"line":1167,"column":20},"end":{"line":1170,"column":null}},"627":{"start":{"line":1190,"column":24},"end":{"line":1190,"column":null}},"628":{"start":{"line":1191,"column":24},"end":{"line":1191,"column":null}},"629":{"start":{"line":1200,"column":22},"end":{"line":1200,"column":null}},"630":{"start":{"line":1201,"column":22},"end":{"line":1201,"column":null}},"631":{"start":{"line":1213,"column":33},"end":{"line":1213,"column":null}},"632":{"start":{"line":1213,"column":60},"end":{"line":1213,"column":65}},"633":{"start":{"line":1231,"column":26},"end":{"line":1241,"column":null}},"634":{"start":{"line":1234,"column":30},"end":{"line":1234,"column":null}},"635":{"start":{"line":1235,"column":30},"end":{"line":1235,"column":null}},"636":{"start":{"line":1248,"column":26},"end":{"line":1248,"column":null}},"637":{"start":{"line":1249,"column":26},"end":{"line":1249,"column":null}},"638":{"start":{"line":1264,"column":20},"end":{"line":1264,"column":null}},"639":{"start":{"line":1264,"column":42},"end":{"line":1264,"column":null}},"640":{"start":{"line":1265,"column":38},"end":{"line":1267,"column":null}},"641":{"start":{"line":1268,"column":20},"end":{"line":1268,"column":null}},"642":{"start":{"line":1268,"column":36},"end":{"line":1268,"column":null}},"643":{"start":{"line":1269,"column":20},"end":{"line":1274,"column":null}},"644":{"start":{"line":1270,"column":22},"end":{"line":1270,"column":null}},"645":{"start":{"line":1272,"column":22},"end":{"line":1272,"column":null}},"646":{"start":{"line":1273,"column":22},"end":{"line":1273,"column":null}},"647":{"start":{"line":1277,"column":20},"end":{"line":1285,"column":null}},"648":{"start":{"line":1278,"column":34},"end":{"line":1278,"column":null}},"649":{"start":{"line":1279,"column":37},"end":{"line":1279,"column":null}},"650":{"start":{"line":1280,"column":39},"end":{"line":1280,"column":null}},"651":{"start":{"line":1280,"column":58},"end":{"line":1280,"column":89}},"652":{"start":{"line":1281,"column":22},"end":{"line":1281,"column":null}},"653":{"start":{"line":1282,"column":22},"end":{"line":1282,"column":null}},"654":{"start":{"line":1287,"column":20},"end":{"line":1287,"column":null}},"655":{"start":{"line":1288,"column":20},"end":{"line":1288,"column":null}},"656":{"start":{"line":1289,"column":20},"end":{"line":1289,"column":null}},"657":{"start":{"line":1290,"column":20},"end":{"line":1290,"column":null}},"658":{"start":{"line":1291,"column":20},"end":{"line":1291,"column":null}},"659":{"start":{"line":1292,"column":20},"end":{"line":1292,"column":null}},"660":{"start":{"line":1303,"column":18},"end":{"line":1303,"column":null}},"661":{"start":{"line":1304,"column":18},"end":{"line":1304,"column":null}},"662":{"start":{"line":1319,"column":18},"end":{"line":1319,"column":null}},"663":{"start":{"line":1320,"column":18},"end":{"line":1320,"column":null}},"664":{"start":{"line":1321,"column":18},"end":{"line":1321,"column":null}},"665":{"start":{"line":1346,"column":31},"end":{"line":1346,"column":null}},"666":{"start":{"line":1359,"column":27},"end":{"line":1363,"column":null}},"667":{"start":{"line":1364,"column":34},"end":{"line":1364,"column":null}},"668":{"start":{"line":1365,"column":28},"end":{"line":1365,"column":null}},"669":{"start":{"line":1366,"column":14},"end":{"line":1392,"column":null}},"670":{"start":{"line":1369,"column":20},"end":{"line":1390,"column":null}},"671":{"start":{"line":1405,"column":14},"end":{"line":1427,"column":null}},"672":{"start":{"line":1408,"column":18},"end":{"line":1410,"column":null}},"673":{"start":{"line":1409,"column":20},"end":{"line":1409,"column":null}},"674":{"start":{"line":1411,"column":18},"end":{"line":1411,"column":null}},"675":{"start":{"line":1412,"column":18},"end":{"line":1417,"column":null}},"676":{"start":{"line":1413,"column":20},"end":{"line":1413,"column":null}},"677":{"start":{"line":1414,"column":20},"end":{"line":1414,"column":null}},"678":{"start":{"line":1416,"column":20},"end":{"line":1416,"column":null}},"679":{"start":{"line":1447,"column":18},"end":{"line":1522,"column":null}},"680":{"start":{"line":1454,"column":22},"end":{"line":1454,"column":null}},"681":{"start":{"line":1455,"column":22},"end":{"line":1455,"column":null}},"682":{"start":{"line":1458,"column":22},"end":{"line":1461,"column":null}},"683":{"start":{"line":1459,"column":24},"end":{"line":1459,"column":null}},"684":{"start":{"line":1460,"column":24},"end":{"line":1460,"column":null}},"685":{"start":{"line":1474,"column":43},"end":{"line":1474,"column":null}},"686":{"start":{"line":1479,"column":30},"end":{"line":1479,"column":null}},"687":{"start":{"line":1480,"column":30},"end":{"line":1480,"column":null}},"688":{"start":{"line":1480,"column":52},"end":{"line":1480,"column":87}},"689":{"start":{"line":1481,"column":30},"end":{"line":1481,"column":null}},"690":{"start":{"line":1482,"column":30},"end":{"line":1482,"column":null}},"691":{"start":{"line":1491,"column":30},"end":{"line":1491,"column":null}},"692":{"start":{"line":1492,"column":30},"end":{"line":1492,"column":null}},"693":{"start":{"line":1507,"column":30},"end":{"line":1507,"column":null}},"694":{"start":{"line":1508,"column":30},"end":{"line":1508,"column":null}},"695":{"start":{"line":1509,"column":30},"end":{"line":1511,"column":null}},"696":{"start":{"line":1536,"column":39},"end":{"line":1539,"column":null}},"697":{"start":{"line":1542,"column":18},"end":{"line":1544,"column":null}},"698":{"start":{"line":1543,"column":20},"end":{"line":1543,"column":null}},"699":{"start":{"line":1547,"column":45},"end":{"line":1547,"column":null}},"700":{"start":{"line":1548,"column":18},"end":{"line":1559,"column":null}},"701":{"start":{"line":1550,"column":22},"end":{"line":1550,"column":null}},"702":{"start":{"line":1550,"column":50},"end":{"line":1550,"column":72}},"703":{"start":{"line":1551,"column":32},"end":{"line":1551,"column":null}},"704":{"start":{"line":1552,"column":20},"end":{"line":1558,"column":null}},"705":{"start":{"line":1553,"column":22},"end":{"line":1557,"column":null}},"706":{"start":{"line":1563,"column":18},"end":{"line":1581,"column":null}},"707":{"start":{"line":1564,"column":32},"end":{"line":1564,"column":null}},"708":{"start":{"line":1565,"column":20},"end":{"line":1580,"column":null}},"709":{"start":{"line":1572,"column":43},"end":{"line":1574,"column":null}},"710":{"start":{"line":1573,"column":29},"end":{"line":1573,"column":null}},"711":{"start":{"line":1575,"column":22},"end":{"line":1579,"column":null}},"712":{"start":{"line":1583,"column":38},"end":{"line":1585,"column":null}},"713":{"start":{"line":1584,"column":30},"end":{"line":1584,"column":null}},"714":{"start":{"line":1588,"column":45},"end":{"line":1593,"column":null}},"715":{"start":{"line":1590,"column":22},"end":{"line":1590,"column":null}},"716":{"start":{"line":1590,"column":50},"end":{"line":1590,"column":72}},"717":{"start":{"line":1591,"column":32},"end":{"line":1591,"column":null}},"718":{"start":{"line":1592,"column":20},"end":{"line":1592,"column":null}},"719":{"start":{"line":1595,"column":18},"end":{"line":1706,"column":null}},"720":{"start":{"line":1598,"column":24},"end":{"line":1676,"column":null}},"721":{"start":{"line":1603,"column":28},"end":{"line":1603,"column":null}},"722":{"start":{"line":1604,"column":28},"end":{"line":1604,"column":null}},"723":{"start":{"line":1607,"column":28},"end":{"line":1610,"column":null}},"724":{"start":{"line":1608,"column":30},"end":{"line":1608,"column":null}},"725":{"start":{"line":1609,"column":30},"end":{"line":1609,"column":null}},"726":{"start":{"line":1623,"column":49},"end":{"line":1623,"column":null}},"727":{"start":{"line":1628,"column":36},"end":{"line":1628,"column":null}},"728":{"start":{"line":1629,"column":36},"end":{"line":1632,"column":null}},"729":{"start":{"line":1629,"column":58},"end":{"line":1632,"column":38}},"730":{"start":{"line":1633,"column":36},"end":{"line":1633,"column":null}},"731":{"start":{"line":1634,"column":36},"end":{"line":1634,"column":null}},"732":{"start":{"line":1643,"column":36},"end":{"line":1643,"column":null}},"733":{"start":{"line":1644,"column":36},"end":{"line":1644,"column":null}},"734":{"start":{"line":1660,"column":36},"end":{"line":1660,"column":null}},"735":{"start":{"line":1661,"column":36},"end":{"line":1661,"column":null}},"736":{"start":{"line":1662,"column":36},"end":{"line":1665,"column":null}},"737":{"start":{"line":1680,"column":24},"end":{"line":1704,"column":null}},"738":{"start":{"line":1685,"column":28},"end":{"line":1685,"column":null}},"739":{"start":{"line":1686,"column":28},"end":{"line":1686,"column":null}},"740":{"start":{"line":1701,"column":57},"end":{"line":1701,"column":79}},"741":{"start":{"line":1714,"column":56},"end":{"line":1714,"column":null}},"742":{"start":{"line":1715,"column":18},"end":{"line":1719,"column":null}},"743":{"start":{"line":1716,"column":48},"end":{"line":1716,"column":56}},"744":{"start":{"line":1717,"column":44},"end":{"line":1717,"column":52}},"745":{"start":{"line":1718,"column":46},"end":{"line":1718,"column":54}},"746":{"start":{"line":1723,"column":45},"end":{"line":1723,"column":null}},"747":{"start":{"line":1725,"column":18},"end":{"line":1756,"column":null}},"748":{"start":{"line":1728,"column":24},"end":{"line":1750,"column":null}},"749":{"start":{"line":1733,"column":28},"end":{"line":1733,"column":null}},"750":{"start":{"line":1734,"column":28},"end":{"line":1734,"column":null}},"751":{"start":{"line":1747,"column":74},"end":{"line":1747,"column":88}},"752":{"start":{"line":1791,"column":18},"end":{"line":1795,"column":null}},"753":{"start":{"line":1792,"column":44},"end":{"line":1792,"column":71}},"754":{"start":{"line":1793,"column":29},"end":{"line":1793,"column":null}},"755":{"start":{"line":1796,"column":38},"end":{"line":1796,"column":null}},"756":{"start":{"line":1797,"column":16},"end":{"line":1806,"column":null}},"757":{"start":{"line":1798,"
[...]
umn":39}},"line":237},"15":{"name":"(anonymous_15)","decl":{"start":{"line":238,"column":13},"end":{"line":238,"column":18}},"loc":{"start":{"line":238,"column":18},"end":{"line":240,"column":5}},"line":238},"16":{"name":"(anonymous_16)","decl":{"start":{"line":244,"column":12},"end":{"line":244,"column":17}},"loc":{"start":{"line":244,"column":17},"end":{"line":244,"column":39}},"line":244},"17":{"name":"(anonymous_17)","decl":{"start":{"line":245,"column":13},"end":{"line":245,"column":18}},"loc":{"start":{"line":245,"column":18},"end":{"line":247,"column":5}},"line":245}},"branchMap":{"0":{"loc":{"start":{"line":48,"column":18},"end":{"line":48,"column":null}},"type":"cond-expr","locations":[{"start":{"line":48,"column":30},"end":{"line":48,"column":52}},{"start":{"line":48,"column":52},"end":{"line":48,"column":null}}],"line":48},"1":{"loc":{"start":{"line":50,"column":4},"end":{"line":52,"column":null}},"type":"if","locations":[{"start":{"line":50,"column":4},"end":{"line":52,"column":null}},{"start":{},"end":{}}],"line":50},"2":{"loc":{"start":{"line":50,"column":8},"end":{"line":50,"column":57}},"type":"binary-expr","locations":[{"start":{"line":50,"column":8},"end":{"line":50,"column":33}},{"start":{"line":50,"column":33},"end":{"line":50,"column":57}}],"line":50},"3":{"loc":{"start":{"line":72,"column":2},"end":{"line":77,"column":null}},"type":"if","locations":[{"start":{"line":72,"column":2},"end":{"line":77,"column":null}},{"start":{},"end":{}}],"line":72},"4":{"loc":{"start":{"line":74,"column":4},"end":{"line":76,"column":null}},"type":"if","locations":[{"start":{"line":74,"column":4},"end":{"line":76,"column":null}},{"start":{},"end":{}}],"line":74},"5":{"loc":{"start":{"line":74,"column":8},"end":{"line":74,"column":31}},"type":"binary-expr","locations":[{"start":{"line":74,"column":8},"end":{"line":74,"column":20}},{"start":{"line":74,"column":20},"end":{"line":74,"column":31}}],"line":74},"6":{"loc":{"start":{"line":81,"column":2},"end":{"line":91,"column":null}},"type":"if","locations":[{"start":{"line":81,"column":2},"end":{"line":91,"column":null}},{"start":{},"end":{}}],"line":81},"7":{"loc":{"start":{"line":84,"column":4},"end":{"line":90,"column":null}},"type":"if","locations":[{"start":{"line":84,"column":4},"end":{"line":90,"column":null}},{"start":{},"end":{}}],"line":84},"8":{"loc":{"start":{"line":88,"column":20},"end":{"line":88,"column":null}},"type":"cond-expr","locations":[{"start":{"line":88,"column":32},"end":{"line":88,"column":41}},{"start":{"line":88,"column":41},"end":{"line":88,"column":null}}],"line":88},"9":{"loc":{"start":{"line":95,"column":2},"end":{"line":105,"column":null}},"type":"if","locations":[{"start":{"line":95,"column":2},"end":{"line":105,"column":null}},{"start":{},"end":{}}],"line":95},"10":{"loc":{"start":{"line":98,"column":4},"end":{"line":104,"column":null}},"type":"if","locations":[{"start":{"line":98,"column":4},"end":{"line":104,"column":null}},{"start":{},"end":{}}],"line":98},"11":{"loc":{"start":{"line":102,"column":20},"end":{"line":102,"column":null}},"type":"cond-expr","locations":[{"start":{"line":102,"column":32},"end":{"line":102,"column":41}},{"start":{"line":102,"column":41},"end":{"line":102,"column":null}}],"line":102},"12":{"loc":{"start":{"line":109,"column":2},"end":{"line":114,"column":null}},"type":"if","locations":[{"start":{"line":109,"column":2},"end":{"line":114,"column":null}},{"start":{},"end":{}}],"line":109},"13":{"loc":{"start":{"line":111,"column":4},"end":{"line":113,"column":null}},"type":"if","locations":[{"start":{"line":111,"column":4},"end":{"line":113,"column":null}},{"start":{},"end":{}}],"line":111},"14":{"loc":{"start":{"line":111,"column":8},"end":{"line":111,"column":31}},"type":"binary-expr","locations":[{"start":{"line":111,"column":8},"end":{"line":111,"column":20}},{"start":{"line":111,"column":20},"end":{"line":111,"column":31}}],"line":111},"15":{"loc":{"start":{"line":123,"column":2},"end":{"line":125,"column":null}},"type":"if","locations":[{"start":{"line":123,"column":2},"end":{"line":125,"column":null}},{"start":{},"end":{}}],"line":123},"16":{"loc":{"start":{"line":163,"column":10},"end":{"line":163,"column":37}},"type":"default-arg","locations":[{"start":{"line":163,"column":26},"end":{"line":163,"column":37}}],"line":163},"17":{"loc":{"start":{"line":163,"column":37},"end":{"line":163,"column":55}},"type":"default-arg","locations":[{"start":{"line":163,"column":51},"end":{"line":163,"column":55}}],"line":163},"18":{"loc":{"start":{"line":163,"column":69},"end":{"line":163,"column":null}},"type":"binary-expr","locations":[{"start":{"line":163,"column":69},"end":{"line":163,"column":80}},{"start":{"line":163,"column":80},"end":{"line":163,"column":null}}],"line":163},"19":{"loc":{"start":{"line":169,"column":4},"end":{"line":171,"column":null}},"type":"if","locations":[{"start":{"line":169,"column":4},"end":{"line":171,"column":null}},{"start":{},"end":{}}],"line":169},"20":{"loc":{"start":{"line":174,"column":4},"end":{"line":176,"column":null}},"type":"if","locations":[{"start":{"line":174,"column":4},"end":{"line":176,"column":null}},{"start":{},"end":{}}],"line":174},"21":{"loc":{"start":{"line":174,"column":8},"end":{"line":174,"column":75}},"type":"binary-expr","locations":[{"start":{"line":174,"column":8},"end":{"line":174,"column":23}},{"start":{"line":174,"column":23},"end":{"line":174,"column":75}}],"line":174},"22":{"loc":{"start":{"line":178,"column":23},"end":{"line":178,"column":null}},"type":"binary-expr","locations":[{"start":{"line":178,"column":23},"end":{"line":178,"column":52}},{"start":{"line":178,"column":52},"end":{"line":178,"column":null}}],"line":178},"23":{"loc":{"start":{"line":183,"column":4},"end":{"line":206,"column":null}},"type":"if","locations":[{"start":{"line":183,"column":4},"end":{"line":206,"column":null}},{"start":{"line":194,"column":11},"end":{"line":206,"column":null}}],"line":183},"24":{"loc":{"start":{"line":211,"column":4},"end":{"line":213,"column":null}},"type":"if","locations":[{"start":{"line":211,"column":4},"end":{"line":213,"column":null}},{"start":{},"end":{}}],"line":211},"25":{"loc":{"start":{"line":211,"column":8},"end":{"line":211,"column":58}},"type":"binary-expr","locations":[{"start":{"line":211,"column":8},"end":{"line":211,"column":34}},{"start":{"line":211,"column":34},"end":{"line":211,"column":58}}],"line":211},"26":{"loc":{"start":{"line":214,"column":4},"end":{"line":214,"column":null}},"type":"if","locations":[{"start":{"line":214,"column":4},"end":{"line":214,"column":null}},{"start":{},"end":{}}],"line":214},"27":{"loc":{"start":{"line":215,"column":4},"end":{"line":215,"column":null}},"type":"if","locations":[{"start":{"line":215,"column":4},"end":{"line":215,"column":null}},{"start":{},"end":{}}],"line":215},"28":{"loc":{"start":{"line":249,"column":2},"end":{"line":251,"column":null}},"type":"if","locations":[{"start":{"line":249,"column":2},"end":{"line":251,"column":null}},{"start":{},"end":{}}],"line":249}},"s":{"0":3,"1":3,"2":3,"3":3,"4":3,"5":0,"6":0,"7":0,"8":0,"9":0,"10":0,"11":0,"12":0,"13":0,"14":0,"15":0,"16":0,"17":0,"18":0,"19":0,"20":0,"21":0,"22":0,"23":0,"24":0,"25":0,"26":0,"27":0,"28":0,"29":0,"30":0,"31":0,"32":0,"33":0,"34":0,"35":0,"36":0,"37":0,"38":0,"39":0,"40":0,"41":0,"42":0,"43":0,"44":0,"45":0,"46":0,"47":0,"48":0,"49":0,"50":0,"51":0,"52":0,"53":0,"54":0,"55":0,"56":0,"57":0,"58":0,"59":0,"60":0,"61":0,"62":0,"63":0,"64":0,"65":0,"66":0,"67":0,"68":0,"69":0,"70":0,"71":0,"72":0,"73":0,"74":0,"75":0,"76":0,"77":0,"78":0,"79":0,"80":0,"81":0,"82":0,"83":0,"84":0},"f":{"0":0,"1":0,"2":0,"3":0,"4":0,"5":0,"6":0,"7":0,"8":0,"9":0,"10":0,"11":0,"12":0,"13":0,"14":0,"15":0,"16":0,"17":0},"b":{"0":[0,0],"1":[0,0],"2":[0,0],"3":[0,0],"4":[0,0],"5":[0,0],"6":[0,0],"7":[0,0],"8":[0,0],"9":[0,0],"10":[0,0],"11":[0,0],"12":[0,0],"13":[0,0],"14":[0,0],"15":[0,0],"16":[0],"17":[0],"18":[0,0],"19":[0,0],"20":[0,0],"21":[0,0],"22":[0,0],"23":[0,0],"24":[0,0],"25":[0,0],"26":[0,0],"27":[0,0],"28":[0,0]},"meta":{"lastBranch":29,"lastFunction":18,"lastStatement":85,"seen":{"s:27:27:27:Infinity":0,"s:31:25:31:Infinity":1,"s:32:37:32:Infinity":2,"s:36:31:36:Infinity":3,"s:40:26:40:Infinity":4,"f:45:9:45:30":0,"s:46:2:60:Infinity":5,"s:47:17:47:Infinity":6,"s:48:18:48:Infinity":7,"b:48:30:48:52:48:52:48:Infinity":0,"b:50:4:52:Infinity:undefined:undefined:undefined:undefined":1,"s:50:4:52:Infinity":8,"b:50:8:50:33:50:33:50:57":2,"s:51:6:51:Infinity":9,"s:54:19:54:Infinity":10,"s:55:21:55:Infinity":11,"s:57:4:57:Infinity":12,"s:59:4:59:Infinity":13,"f:66:9:66:Infinity":1,"s:71:25:71:Infinity":14,"b:72:2:77:Infinity:undefined:undefined:undefined:undefined":3,"s:72:2:77:Infinity":15,"s:73:16:73:Infinity":16,"b:74:4:76:Infinity:undefined:undefined:undefined:undefined":4,"s:74:4:76:Infinity":17,"b:74:8:74:20:74:20:74:31":5,"s:75:6:75:Infinity":18,"s:80:17:80:Infinity":19,"b:81:2:91:Infinity:undefined:undefined:undefined:undefined":6,"s:81:2:91:Infinity":20,"s:82:20:82:Infinity":21,"s:83:16:83:Infinity":22,"b:84:4:90:Infinity:undefined:undefined:undefined:undefined":7,"s:84:4:90:Infinity":23,"s:85:6:89:Infinity":24,"b:88:32:88:41:88:41:88:Infinity":8,"s:94:2:94:Infinity":25,"b:95:2:105:Infinity:undefined:undefined:undefined:undefined":9,"s:95:2:105:Infinity":26,"s:96:20:96:Infinity":27,"s:97:16:97:Infinity":28,"b:98:4:104:Infinity:undefined:undefined:undefined:undefined":10,"s:98:4:104:Infinity":29,"s:99:6:103:Infinity":30,"b:102:32:102:41:102:41:102:Infinity":11,"s:108:23:108:Infinity":31,"b:109:2:114:Infinity:undefined:undefined:undefined:undefined":12,"s:109:2:114:Infinity":32,"s:110:16:110:Infinity":33,"b:111:4:113:Infinity:undefined:undefined:undefined:undefined":13,"s:111:4:113:Infinity":34,"b:111:8:111:20:111:20:111:31":14,"s:112:6:112:Infinity":35,"s:116:2:116:Infinity":36,"f:122:9:122:27":2,"b:123:2:125:Infinity:undefined:undefined:undefined:undefined":15,"s:123:2:125:Infinity":37,"s:124:4:124:Infinity":38,"s:126:2:126:Infinity":39,"f:132:9:132:26":3,"s:133:23:140:Infinity":40,"s:142:2:142:Infinity":41,"f:142:27:142:38":4,"s:142:38:142:62":42,"f:155:16:155:Infinity":5,"s:163:69:163:Infinity":43,"b:163:26:163:37":16,"b:163:51:163:55":17,"b:163:69:163:80:163:80:163:Infinity":18,"s:165:36:165:Infinity":44,"s:167:2:207:Infinity":45,"b:169:4:171:Infinity:undefined:undefined:undefined:undefined":19,"s:169:4:171:Infinity":46,"s:170:6:170:Infinity":47,"b:174:4:176:Infinity:undefined:undefined:undefined:undefined":20,"s:174:4:176:Infinity":48,"b:174:8:174:23:174:23:174:75":21,"s:175:6:175:Infinity":49,"s:178:23:178:Infinity":50,"b:178:23:178:52:178:52:178:Infinity":22,"s:181:23:181:Infinity":51,"b:183:4:206:Infinity:194:11:206:Infinity":23,"s:183:4:206:Infinity":52,"s:184:6:193:Infinity":53,"s:196:6:205:Infinity":54,"s:210:2:217:Infinity":55,"f:210:16:210:17":6,"b:211:4:213:Infinity:undefined:undefined:undefined:undefined":24,"s:211:4:213:Infinity":56,"b:211:8:211:34:211:34:211:58":25,"s:212:6:212:Infinity":57,"b:214:4:214:Infinity:undefined:undefined:undefined:undefined":26,"s:214:4:214:Infinity":58,"s:214:32:214:Infinity":59,"b:215:4:215:Infinity:undefined:undefined:undefined:undefined":27,"s:215:4:215:Infinity":60,"s:215:32:215:Infinity":61,"s:216:4:216:Infinity":62,"s:219:2:219:Infinity":63,"f:225:9:225:31":7,"s:226:22:226:Infinity":64,"f:226:38:226:43":8,"s:226:43:226:65":65,"s:227:22:227:Infinity":66,"f:227:38:227:39":9,"s:227:50:227:70":67,"s:228:22:230:Infinity":68,"f:229:12:229:17":10,"s:229:17:229:39":69,"f:230:12:230:13":11,"s:230:24:230:44":70,"s:231:24:233:Infinity":71,"f:232:12:232:17":12,"s:232:17:232:39":72,"f:233:12:233:13":13,"s:233:24:233:44":73,"s:235:16:235:Infinity":74,"s:236:2:240:Infinity":75,"f:237:12:237:17":14,"s:237:17:237:39":76,"f:238:13:238:18":15,"s:239:6:239:Infinity":77,"s:242:2:242:Infinity":78,"s:243:2:247:Infinity":79,"f:244:12:244:17":16,"s:244:17:244:39":80,"f:245:13:245:18":17,"s:246:6:246:Infinity":81,"b:249:2:251:Infinity:undefined:undefined:undefined:undefined":28,"s:249:2:251:Infinity":82,"s:250:4:250:Infinity":83,"s:253:2:253:Infinity":84}}}
,"/Users/benjaminhaddon/Github Repos/Narrative/src/utils/versionManager.ts": {"path":"/Users/benjaminhaddon/Github Repos/Narrative/src/utils/versionManager.ts","statementMap":{"0":{"start":{"line":10,"column":27},"end":{"line":10,"column":null}},"1":{"start":{"line":18,"column":4},"end":{"line":18,"column":null}},"2":{"start":{"line":22,"column":4},"end":{"line":24,"column":null}},"3":{"start":{"line":23,"column":6},"end":{"line":23,"column":null}},"4":{"start":{"line":25,"column":4},"end":{"line":25,"column":null}},"5":{"start":{"line":32,"column":4},"end":{"line":32,"column":null}},"6":{"start":{"line":39,"column":4},"end":{"line":39,"column":null}},"7":{"start":{"line":46,"column":24},"end":{"line":46,"column":null}},"8":{"start":{"line":47,"column":4},"end":{"line":47,"column":null}},"9":{"start":{"line":54,"column":4},"end":{"line":54,"column":null}},"10":{"start":{"line":61,"column":34},"end":{"line":61,"column":null}},"11":{"start":{"line":62,"column":4},"end":{"line":62,"column":null}},"12":{"start":{"line":69,"column":24},"end":{"line":69,"column":null}},"13":{"start":{"line":70,"column":24},"end":{"line":70,"column":null}},"14":{"start":{"line":72,"column":4},"end":{"line":75,"column":null}},"15":{"start":{"line":72,"column":17},"end":{"line":72,"column":20}},"16":{"start":{"line":73,"column":6},"end":{"line":73,"column":null}},"17":{"start":{"line":73,"column":43},"end":{"line":73,"column":null}},"18":{"start":{"line":74,"column":6},"end":{"line":74,"column":null}},"19":{"start":{"line":74,"column":43},"end":{"line":74,"column":null}},"20":{"start":{"line":76,"column":4},"end":{"line":76,"column":null}},"21":{"start":{"line":81,"column":30},"end":{"line":81,"column":null}},"22":{"start":{"line":85,"column":27},"end":{"line":85,"column":null}},"23":{"start":{"line":88,"column":2},"end":{"line":90,"column":null}},"24":{"start":{"line":89,"column":4},"end":{"line":89,"column":null}},"25":{"start":{"line":93,"column":2},"end":{"line":95,"column":null}},"26":{"start":{"line":94,"column":4},"end":{"line":94,"column":null}},"27":{"start":{"line":98,"column":2},"end":{"line":100,"column":null}},"28":{"start":{"line":99,"column":4},"end":{"line":99,"column":null}},"29":{"start":{"line":102,"column":2},"end":{"line":105,"column":null}},"30":{"start":{"line":109,"column":0},"end":{"line":116,"column":null}},"31":{"start":{"line":110,"column":2},"end":{"line":110,"column":null}},"32":{"start":{"line":112,"column":21},"end":{"line":112,"column":null}},"33":{"start":{"line":113,"column":2},"end":{"line":115,"column":null}},"34":{"start":{"line":114,"column":4},"end":{"line":114,"column":null}}},"fnMap":{"0":{"name":"(anonymous_0)","decl":{"start":{"line":17,"column":10},"end":{"line":17,"column":24}},"loc":{"start":{"line":17,"column":24},"end":{"line":19,"column":null}},"line":17},"1":{"name":"(anonymous_1)","decl":{"start":{"line":21,"column":9},"end":{"line":21,"column":39}},"loc":{"start":{"line":21,"column":39},"end":{"line":26,"column":null}},"line":21},"2":{"name":"(anonymous_2)","decl":{"start":{"line":31,"column":2},"end":{"line":31,"column":23}},"loc":{"start":{"line":31,"column":23},"end":{"line":33,"column":null}},"line":31},"3":{"name":"(anonymous_3)","decl":{"start":{"line":38,"column":2},"end":{"line":38,"column":30}},"loc":{"start":{"line":38,"column":30},"end":{"line":40,"column":null}},"line":38},"4":{"name":"(anonymous_4)","decl":{"start":{"line":45,"column":2},"end":{"line":45,"column":17}},"loc":{"start":{"line":45,"column":43},"end":{"line":48,"column":null}},"line":45},"5":{"name":"(anonymous_5)","decl":{"start":{"line":53,"column":2},"end":{"line":53,"column":35}},"loc":{"start":{"line":53,"column":35},"end":{"line":55,"column":null}},"line":53},"6":{"name":"(anonymous_6)","decl":{"start":{"line":60,"column":2},"end":{"line":60,"column":74}},"loc":{"start":{"line":60,"column":74},"end":{"line":63,"column":null}},"line":60},"7":{"name":"(anonymous_7)","decl":{"start":{"line":68,"column":2},"end":{"line":68,"column":18}},"loc":{"start":{"line":68,"column":48},"end":{"line":77,"column":null}},"line":68},"8":{"name":"validateVersionConsistency","decl":{"start":{"line":84,"column":16},"end":{"line":84,"column":85}},"loc":{"start":{"line":84,"column":85},"end":{"line":106,"column":null}},"line":84}},"branchMap":{"0":{"loc":{"start":{"line":22,"column":4},"end":{"line":24,"column":null}},"type":"if","locations":[{"start":{"line":22,"column":4},"end":{"line":24,"column":null}},{"start":{},"end":{}}],"line":22},"1":{"loc":{"start":{"line":73,"column":6},"end":{"line":73,"column":null}},"type":"if","locations":[{"start":{"line":73,"column":6},"end":{"line":73,"column":null}},{"start":{},"end":{}}],"line":73},"2":{"loc":{"start":{"line":74,"column":6},"end":{"line":74,"column":null}},"type":"if","locations":[{"start":{"line":74,"column":6},"end":{"line":74,"column":null}},{"start":{},"end":{}}],"line":74},"3":{"loc":{"start":{"line":88,"column":2},"end":{"line":90,"column":null}},"type":"if","locations":[{"start":{"line":88,"column":2},"end":{"line":90,"column":null}},{"start":{},"end":{}}],"line":88},"4":{"loc":{"start":{"line":93,"column":2},"end":{"line":95,"column":null}},"type":"if","locations":[{"start":{"line":93,"column":2},"end":{"line":95,"column":null}},{"start":{},"end":{}}],"line":93},"5":{"loc":{"start":{"line":98,"column":2},"end":{"line":100,"column":null}},"type":"if","locations":[{"start":{"line":98,"column":2},"end":{"line":100,"column":null}},{"start":{},"end":{}}],"line":98},"6":{"loc":{"start":{"line":109,"column":0},"end":{"line":116,"column":null}},"type":"if","locations":[{"start":{"line":109,"column":0},"end":{"line":116,"column":null}},{"start":{},"end":{}}],"line":109},"7":{"loc":{"start":{"line":113,"column":2},"end":{"line":115,"column":null}},"type":"if","locations":[{"start":{"line":113,"column":2},"end":{"line":115,"column":null}},{"start":{},"end":{}}],"line":113}},"s":{"0":3,"1":3,"2":3,"3":3,"4":3,"5":0,"6":123,"7":3,"8":3,"9":3,"10":0,"11":0,"12":0,"13":0,"14":0,"15":0,"16":0,"17":0,"18":0,"19":0,"20":0,"21":3,"22":3,"23":3,"24":0,"25":3,"26":0,"27":3,"28":3,"29":3,"30":3,"31":3,"32":3,"33":3,"34":3},"f":{"0":3,"1":3,"2":0,"3":123,"4":3,"5":3,"6":0,"7":0,"8":3},"b":{"0":[3,0],"1":[0,0],"2":[0,0],"3":[0,3],"4":[0,3],"5":[3,0],"6":[3,0],"7":[3,0]},"meta":{"lastBranch":8,"lastFunction":9,"lastStatement":35,"seen":{"s:10:27:10:Infinity":0,"f:17:10:17:24":0,"s:18:4:18:Infinity":1,"f:21:9:21:39":1,"b:22:4:24:Infinity:undefined:undefined:undefined:undefined":0,"s:22:4:24:Infinity":2,"s:23:6:23:Infinity":3,"s:25:4:25:Infinity":4,"f:31:2:31:23":2,"s:32:4:32:Infinity":5,"f:38:2:38:30":3,"s:39:4:39:Infinity":6,"f:45:2:45:17":4,"s:46:24:46:Infinity":7,"s:47:4:47:Infinity":8,"f:53:2:53:35":5,"s:54:4:54:Infinity":9,"f:60:2:60:74":6,"s:61:34:61:Infinity":10,"s:62:4:62:Infinity":11,"f:68:2:68:18":7,"s:69:24:69:Infinity":12,"s:70:24:70:Infinity":13,"s:72:4:75:Infinity":14,"s:72:17:72:20":15,"b:73:6:73:Infinity:undefined:undefined:undefined:undefined":1,"s:73:6:73:Infinity":16,"s:73:43:73:Infinity":17,"b:74:6:74:Infinity:undefined:undefined:undefined:undefined":2,"s:74:6:74:Infinity":18,"s:74:43:74:Infinity":19,"s:76:4:76:Infinity":20,"s:81:30:81:Infinity":21,"f:84:16:84:85":8,"s:85:27:85:Infinity":22,"b:88:2:90:Infinity:undefined:undefined:undefined:undefined":3,"s:88:2:90:Infinity":23,"s:89:4:89:Infinity":24,"b:93:2:95:Infinity:undefined:undefined:undefined:undefined":4,"s:93:2:95:Infinity":25,"s:94:4:94:Infinity":26,"b:98:2:100:Infinity:undefined:undefined:undefined:undefined":5,"s:98:2:100:Infinity":27,"s:99:4:99:Infinity":28,"s:102:2:105:Infinity":29,"b:109:0:116:Infinity:undefined:undefined:undefined:undefined":6,"s:109:0:116:Infinity":30,"s:110:2:110:Infinity":31,"s:112:21:112:Infinity":32,"b:113:2:115:Infinity:undefined:undefined:undefined:undefined":7,"s:113:2:115:Infinity":33,"s:114:4:114:Infinity":34}}}
}
